../database/molecules/ethyne
elem_list ['C', 'H']
total_elec 10
at_elem [2, 2, 0, 0]
../database/chains/R1000125
elem_list ['C', 'H']
total_elec 544
at_elem [96, 160, 0, 0]
../database/chains/R1000670
elem_list ['C', 'H', 'O']
total_elec 144
at_elem [16, 8, 0, 12]
../database/chains/R1003347
elem_list ['C', 'H', 'N']
total_elec 36
at_elem [4, 10, 2, 0]
../database/chains/R1004618
elem_list ['C', 'H', 'N', 'O']
total_elec 132
at_elem [17, 11, 1, 8]
../database/chains/R1005449
elem_list ['C', 'H', 'O']
total_elec 88
at_elem [12, 4, 0, 6]
../database/molecules/cyclopenta-1-2-diene
elem_list ['C', 'H']
total_elec 26
at_elem [5, 6, 0, 0]
../database/chains/R1000043
elem_list ['C', 'H']
total_elec 256
at_elem [44, 80, 0, 0]
../database/chains/R1001194
elem_list ['C', 'H', 'O']
total_elec 148
at_elem [16, 24, 0, 10]
../database/chains/R1003914
elem_list ['C', 'H', 'N']
total_elec 48
at_elem [6, 14, 2, 0]
Train on 6 samples, validate on 4 samples
Epoch 1/50

6/6 [==============================] - 2s 304ms/step - loss: 0.0789 - DOS1_loss: 7.4253e-05 - dense_43_loss: 0.0040 - val_loss: 0.0796 - val_DOS1_loss: 7.3284e-05 - val_dense_43_loss: 0.0063

Epoch 00001: val_loss improved from inf to 0.07963, saving model to newDOSmodel.hdf5
Epoch 2/50

6/6 [==============================] - 0s 25ms/step - loss: 0.0718 - DOS1_loss: 6.8490e-05 - dense_43_loss: 0.0026 - val_loss: 0.0844 - val_DOS1_loss: 7.8664e-05 - val_dense_43_loss: 0.0056

Epoch 00002: val_loss did not improve from 0.07963
Epoch 3/50

6/6 [==============================] - 0s 21ms/step - loss: 0.1207 - DOS1_loss: 1.1870e-04 - dense_43_loss: 0.0013 - val_loss: 0.0985 - val_DOS1_loss: 9.3471e-05 - val_dense_43_loss: 0.0050

Epoch 00003: val_loss did not improve from 0.07963
Epoch 4/50

6/6 [==============================] - 0s 17ms/step - loss: 0.0762 - DOS1_loss: 7.0823e-05 - dense_43_loss: 0.0046 - val_loss: 0.1046 - val_DOS1_loss: 9.8827e-05 - val_dense_43_loss: 0.0057

Epoch 00004: val_loss did not improve from 0.07963
Epoch 5/50

6/6 [==============================] - 0s 18ms/step - loss: 0.0679 - DOS1_loss: 6.6028e-05 - dense_43_loss: 0.0012 - val_loss: 0.0959 - val_DOS1_loss: 9.2231e-05 - val_dense_43_loss: 0.0036

Epoch 00005: val_loss did not improve from 0.07963
Epoch 6/50

6/6 [==============================] - 0s 17ms/step - loss: 0.0598 - DOS1_loss: 5.7507e-05 - dense_43_loss: 0.0016 - val_loss: 0.0778 - val_DOS1_loss: 7.2150e-05 - val_dense_43_loss: 0.0056

Epoch 00006: val_loss improved from 0.07963 to 0.07778, saving model to newDOSmodel.hdf5
Epoch 7/50

6/6 [==============================] - 0s 17ms/step - loss: 0.0502 - DOS1_loss: 4.6110e-05 - dense_43_loss: 0.0035 - val_loss: 0.0870 - val_DOS1_loss: 8.0401e-05 - val_dense_43_loss: 0.0066

Epoch 00007: val_loss did not improve from 0.07778
Epoch 8/50

6/6 [==============================] - 0s 16ms/step - loss: 0.0757 - DOS1_loss: 7.4231e-05 - dense_43_loss: 8.0885e-04 - val_loss: 0.0809 - val_DOS1_loss: 7.2450e-05 - val_dense_43_loss: 0.0084

Epoch 00008: val_loss did not improve from 0.07778
Epoch 9/50

6/6 [==============================] - 0s 18ms/step - loss: 0.0518 - DOS1_loss: 4.9460e-05 - dense_43_loss: 0.0017 - val_loss: 0.0771 - val_DOS1_loss: 6.8619e-05 - val_dense_43_loss: 0.0084

Epoch 00009: val_loss improved from 0.07778 to 0.07710, saving model to newDOSmodel.hdf5
Epoch 10/50

6/6 [==============================] - 0s 17ms/step - loss: 0.0613 - DOS1_loss: 5.8618e-05 - dense_43_loss: 0.0020 - val_loss: 0.0933 - val_DOS1_loss: 8.4893e-05 - val_dense_43_loss: 0.0083

Epoch 00010: val_loss did not improve from 0.07710
Epoch 11/50

6/6 [==============================] - 0s 19ms/step - loss: 0.0743 - DOS1_loss: 7.1581e-05 - dense_43_loss: 0.0021 - val_loss: 0.0948 - val_DOS1_loss: 8.5516e-05 - val_dense_43_loss: 0.0092

Epoch 00011: val_loss did not improve from 0.07710
Epoch 12/50

6/6 [==============================] - 0s 17ms/step - loss: 0.0569 - DOS1_loss: 5.4596e-05 - dense_43_loss: 0.0017 - val_loss: 0.0750 - val_DOS1_loss: 6.5428e-05 - val_dense_43_loss: 0.0095

Epoch 00012: val_loss improved from 0.07710 to 0.07499, saving model to newDOSmodel.hdf5
Epoch 13/50

6/6 [==============================] - 0s 16ms/step - loss: 0.0637 - DOS1_loss: 6.1619e-05 - dense_43_loss: 0.0014 - val_loss: 0.0978 - val_DOS1_loss: 9.2118e-05 - val_dense_43_loss: 0.0056

Epoch 00013: val_loss did not improve from 0.07499
Epoch 14/50

6/6 [==============================] - 0s 16ms/step - loss: 0.0537 - DOS1_loss: 5.1904e-05 - dense_43_loss: 0.0011 - val_loss: 0.0809 - val_DOS1_loss: 7.3063e-05 - val_dense_43_loss: 0.0078

Epoch 00014: val_loss did not improve from 0.07499
Epoch 15/50

6/6 [==============================] - 0s 14ms/step - loss: 0.0602 - DOS1_loss: 5.8135e-05 - dense_43_loss: 0.0014 - val_loss: 0.0924 - val_DOS1_loss: 8.4253e-05 - val_dense_43_loss: 0.0081

Epoch 00015: val_loss did not improve from 0.07499
Epoch 16/50

6/6 [==============================] - 0s 16ms/step - loss: 0.0448 - DOS1_loss: 4.2237e-05 - dense_43_loss: 0.0019 - val_loss: 0.0949 - val_DOS1_loss: 8.6335e-05 - val_dense_43_loss: 0.0084

Epoch 00016: val_loss did not improve from 0.07499
Epoch 17/50

6/6 [==============================] - 0s 17ms/step - loss: 0.0432 - DOS1_loss: 4.2091e-05 - dense_43_loss: 4.0342e-04 - val_loss: 0.0867 - val_DOS1_loss: 7.8179e-05 - val_dense_43_loss: 0.0085

Epoch 00017: val_loss did not improve from 0.07499
Epoch 18/50

6/6 [==============================] - 0s 17ms/step - loss: 0.0398 - DOS1_loss: 3.7343e-05 - dense_43_loss: 0.0018 - val_loss: 0.1031 - val_DOS1_loss: 9.0735e-05 - val_dense_43_loss: 0.0123

Epoch 00018: val_loss did not improve from 0.07499
Epoch 19/50

6/6 [==============================] - 0s 16ms/step - loss: 0.0482 - DOS1_loss: 4.6076e-05 - dense_43_loss: 0.0014 - val_loss: 0.0911 - val_DOS1_loss: 7.9396e-05 - val_dense_43_loss: 0.0116

Epoch 00019: val_loss did not improve from 0.07499
Epoch 20/50

6/6 [==============================] - 0s 15ms/step - loss: 0.0470 - DOS1_loss: 4.5492e-05 - dense_43_loss: 8.5736e-04 - val_loss: 0.0976 - val_DOS1_loss: 8.6074e-05 - val_dense_43_loss: 0.0114

Epoch 00020: val_loss did not improve from 0.07499
Epoch 21/50

6/6 [==============================] - 0s 15ms/step - loss: 0.0673 - DOS1_loss: 6.5050e-05 - dense_43_loss: 0.0015 - val_loss: 0.0930 - val_DOS1_loss: 8.0049e-05 - val_dense_43_loss: 0.0129

Epoch 00021: val_loss did not improve from 0.07499
Epoch 22/50

6/6 [==============================] - 0s 15ms/step - loss: 0.0463 - DOS1_loss: 4.3695e-05 - dense_43_loss: 0.0019 - val_loss: 0.0886 - val_DOS1_loss: 7.8222e-05 - val_dense_43_loss: 0.0103

Epoch 00022: val_loss did not improve from 0.07499
file: ../database/molecules/benzene
Predicting atomic charges, energy and DOS for the system in: ../database/molecules/benzene
at_elem [6, 6, 0, 0]
Total number of electrons inside cell: 30
Atomic charges for the C atoms (same order as in POSCAR): [4.0054293, 4.0082545, 3.9998243, 4.007217, 4.0070014, 4.000963]
Atomic charges for the H atoms (same order as in POSCAR): [0.9823179, 0.98133755, 0.9819852, 0.98255795, 0.98306435, 0.9827843]
Writing atomic charges to text files...
#-----------------Energy and DOS prediction-----------------#
(1, 6, 360) (1, 6, 360) (1, 6, 360) (1, 6, 360)
(1, 6, 700) (1, 6, 568) (1, 6, 700) (1, 6, 700)
Total potential energy: -75.71250915527344  eV
Atomic forces (eV/A): [[ 0.5653317   0.44939137  0.28211474]
 [-1.3031511   0.641972   -0.4945901 ]
 [ 2.0266826  -0.48644164  1.0469146 ]
 [-1.8927852   1.984809   -0.61471826]
 [-3.1055346  -0.7448873  -1.5149506 ]
 [ 1.2772194  -0.09132944  0.5359806 ]
 [-0.25603074 -0.5147704  -0.2716907 ]
 [ 0.76137525 -0.34347066  0.28699234]
 [-0.23810028  0.15336943 -0.11539702]
 [-0.19742039  0.24205585 -0.06781904]
 [ 1.3046557  -1.0190967   0.17071885]
 [ 0.12848358 -0.22135447 -0.03465193]]
The stress tensor components are (kB): Sxx: 4.440694  Syy: -4.3798203  Szz: 1.8674628  Sxy: -0.070310116  Syz: -0.107456565  Sxz: 2.3153741
Valence band maximum: -6.177985668182373 +- 0.029152965  eV
Conduction band minimum: -1.4250373840332031 +- 0.028168  eV
Bandgap: 4.75294828414917 +- 0.045629747  eV
Writing DOS curve to text file...
Made the dos plot ..
Total pred_charge: 29.97661705331914
file: ../database/chains/R1000001
Predicting atomic charges, energy and DOS for the system in: ../database/chains/R1000001
at_elem [4, 8, 0, 0]
Total number of electrons inside cell: 24
Atomic charges for the C atoms (same order as in POSCAR): [4.0737085, 4.0545797, 4.0721054, 4.061143]
Atomic charges for the H atoms (same order as in POSCAR): [0.95839727, 0.96142757, 0.9567795, 0.96162343, 0.9560363, 0.9591944, 0.95871794, 0.96552366]
Writing atomic charges to text files...
#-----------------Energy and DOS prediction-----------------#
(1, 8, 360) (1, 8, 360) (1, 8, 360) (1, 8, 360)
(1, 8, 700) (1, 8, 568) (1, 8, 700) (1, 8, 700)
Total potential energy: -65.99000358581543  eV
Atomic forces (eV/A): [[-1.1092017  -0.00453821 -0.11818658]
 [ 1.0059044  -1.547716   -0.12816647]
 [ 0.9024085  -1.2423538  -0.05169741]
 [ 0.14318115  1.4932965  -0.1352977 ]
 [-0.4218474   0.02556188 -0.06783011]
 [-0.54652005  0.13607089  0.02505993]
 [ 0.33120877  0.52107763  0.01060686]
 [ 0.37035438  0.53619653  0.03064763]
 [-0.4935288  -0.73533624 -0.09287769]
 [-0.6972718  -0.351713    0.07984629]
 [ 0.1625971   1.5245672   0.22619048]
 [-0.01291356 -0.6829507   0.06698325]]
The stress tensor components are (kB): Sxx: 1.1654575  Syy: 5.3600326  Szz: -2.4155054  Sxy: 1.8193156  Syz: 1.9034128  Sxz: -0.7045966
Valence band maximum: -6.446011543273926 +- 0.07314923  eV
Conduction band minimum: -0.7660983800888062 +- 0.0103704035  eV
Bandgap: 5.67991316318512 +- 0.07935713  eV
Writing DOS curve to text file...
Made the dos plot ..
Total pred_charge: 24.24940548141116
file: ../database/chains/R1000566
Predicting atomic charges, energy and DOS for the system in: ../database/chains/R1000566
at_elem [10, 18, 2, 2]
Total number of electrons inside cell: 80
Atomic charges for the C atoms (same order as in POSCAR): [4.340433, 4.3482194, 4.3166537, 3.6737354, 4.299034, 4.0602245, 4.032297, 4.0676875, 4.03114, 3.6718976]
Atomic charges for the H atoms (same order as in POSCAR): [0.8782728, 0.864491, 0.88926727, 0.87794864, 0.96386266, 0.9571235, 0.94989717, 0.8958076, 0.87623966, 0.88883543, 0.8937874, 0.88634205, 0.8607477, 0.9538565, 0.96375644, 0.96028394, 0.8228059, 0.8626919]
Atomic charges for the N atoms (same order as in POSCAR): [5.1159797, 5.118375]
Atomic charges for the O atoms (same order as in POSCAR): [6.375321, 6.343527]
Writing atomic charges to text files...
#-----------------Energy and DOS prediction-----------------#
(1, 18, 360) (1, 18, 360) (1, 18, 360) (1, 18, 360)
(1, 18, 700) (1, 18, 568) (1, 18, 700) (1, 18, 700)
Total potential energy: -186.26832580566406  eV
Atomic forces (eV/A): [[-0.11526922 -0.03857315  3.3046906 ]
 [-0.44315472  0.63577604  0.7806765 ]
 [ 0.42768443 -0.3594268   0.10966937]
 [-1.2505658   1.7195755  -0.83808863]
 [-0.05352869  0.18163621  0.34373838]
 [ 0.995667   -0.9727426   0.9478488 ]
 [-0.03595207  0.24806952 -0.8070143 ]
 [ 0.6323287  -1.5016614   0.96843314]
 [-1.1776682  -1.1430366   0.40235707]
 [ 1.2822019   2.83916     0.09822807]
 [-0.37905115  0.20064048 -0.25971052]
 [ 0.19720861 -0.77500564 -1.1505653 ]
 [-0.17737347  0.14249544  0.16700852]
 [ 0.10410517  0.14712861  0.03920164]
 [ 0.057623   -0.15188463  0.1886623 ]
 [-0.7766447  -0.57763016  0.23134288]
 [-0.69203556  0.9834356   0.6853235 ]
 [ 0.76269424 -0.5838435  -0.38653633]
 [ 0.7669052   0.7982478  -0.5789984 ]
 [-0.4096926  -0.14600284  0.35333952]
 [-0.719058    0.11466442 -0.9844756 ]
 [ 1.0537047  -0.8339184  -0.17677478]
 [ 0.2485146   0.02844412 -0.21311653]
 [ 0.17996569  0.6624296  -0.00515276]
 [-0.47941253  0.16937733 -0.5355604 ]
 [ 0.11860306  0.2702702  -0.12824005]
 [ 0.57928354 -0.2310155  -2.7988544 ]
 [ 0.28559387 -0.7805765  -0.23944084]
 [-1.3924241  -2.6705406   0.8903247 ]
 [ 0.6149124   0.2542353   0.33149105]
 [ 0.19074965 -1.0214427   0.3335506 ]
 [-1.3356111  -3.023107   -0.10650125]]
The stress tensor components are (kB): Sxx: 5.523564  Syy: 14.225561  Szz: 8.047657  Sxy: 10.605709  Syz: -2.1093678  Sxz: -0.24804556
Valence band maximum: -5.131905555725098 +- 0.05059649  eV
Conduction band minimum: -1.4643034934997559 +- 0.07904058  eV
Bandgap: 3.667602062225342 +- 0.10631828  eV
Writing DOS curve to text file...
Made the dos plot ..
Total pred_charge: 81.18773066672162
file: ../database/crystals/R1002525
Predicting atomic charges, energy and DOS for the system in: ../database/crystals/R1002525
at_elem [48, 48, 8, 8]
Total number of electrons inside cell: 328
Atomic charges for the C atoms (same order as in POSCAR): [3.754233, 3.9835677, 4.0236645, 4.013096, 3.9499714, 3.6714742, 4.088865, 4.0629106, 4.108419, 4.1102185, 4.0129623, 4.0105624, 3.6677616, 3.969891, 4.018087, 4.0341525, 3.9732118, 3.6567228, 4.0389996, 4.090863, 4.1686177, 4.127205, 4.013993, 4.0055346, 3.7448764, 3.9828372, 4.0123253, 4.014103, 3.9767165, 3.6811955, 4.018159, 4.1432085, 4.1202054, 4.1426983, 4.0337653, 4.0119405, 3.643066, 3.984952, 4.0161085, 4.0216427, 3.985734, 3.6583931, 4.120746, 4.0403724, 4.131828, 4.0226083, 4.020757, 4.027262]
Atomic charges for the H atoms (same order as in POSCAR): [0.95889807, 0.9554847, 0.9061485, 0.8970239, 0.9314637, 0.88895106, 0.9054572, 0.9351349, 0.8867849, 0.90458405, 0.9508195, 0.9612878, 0.9644034, 0.9582906, 0.912823, 0.8922837, 0.9306176, 0.920897, 0.90927947, 0.90177906, 0.8955925, 0.9073654, 0.95190334, 0.9591723, 0.9487449, 0.95775324, 0.9331085, 0.9111518, 0.87623906, 0.9135628, 0.87534153, 0.90070933, 0.9197164, 0.91553175, 0.9569, 0.96842486, 0.9496392, 0.96136856, 0.87137043, 0.9217906, 0.8994485, 0.9302151, 0.8627455, 0.9225439, 0.92787015, 0.93555784, 0.9682784, 0.9737022]
Atomic charges for the N atoms (same order as in POSCAR): [5.2742286, 5.34377, 5.249263, 5.2660294, 5.2321386, 5.2551527, 5.3029366, 5.255919]
Atomic charges for the O atoms (same order as in POSCAR): [6.289189, 6.2777777, 6.2539573, 6.3050065, 6.2621517, 6.2596035, 6.2891083, 6.2743855]
Writing atomic charges to text files...
#-----------------Energy and DOS prediction-----------------#
(1, 48, 360) (1, 48, 360) (1, 48, 360) (1, 48, 360)
(1, 48, 700) (1, 48, 568) (1, 48, 700) (1, 48, 700)
Total potential energy: -716.4548492431641  eV
Atomic forces (eV/A): [[ 5.76665461e-01  2.74923861e-01  1.27250418e-01]
 [ 2.18811679e+00 -2.99931264e+00 -7.50220537e-01]
 [-2.57679248e+00  7.63398051e-01  1.31118476e+00]
 [ 7.65778244e-01  2.60303617e-01 -3.90167642e+00]
 [ 2.30348945e+00 -2.24481273e+00  2.23412895e+00]
 [ 6.39546096e-01  4.30262899e+00  3.50106764e+00]
 [ 4.65313435e+00 -2.03449130e+00 -2.56520653e+00]
 [-2.78747225e+00  1.38907552e+00 -2.53031397e+00]
 [-2.00702071e-01 -2.31253147e-01  1.87076724e+00]
 [-1.49937725e+00  4.01259065e-01 -1.66419375e+00]
 [-4.05185747e+00  3.01292515e+00 -1.39304125e+00]
 [-2.27606821e+00  1.17682481e+00  1.17213655e+00]
 [-1.10908866e-01 -3.71808976e-01 -3.62451673e-01]
 [-1.02703667e+00  5.02515197e-01 -1.47047997e+00]
 [-3.00713682e+00  1.18170118e+00  2.10062861e+00]
 [ 5.28041649e+00 -1.26772451e+00 -2.18017530e+00]
 [-1.34418368e+00  6.67021871e-01  1.08892135e-02]
 [-6.97745025e-01 -2.26887846e+00  2.34769535e+00]
 [-2.06223607e+00  4.31917858e+00  2.37506032e+00]
 [ 2.07593274e+00 -1.07326046e-01 -3.33253622e-01]
 [-4.96988267e-01  3.36042476e+00  1.64005589e+00]
 [ 1.38220048e+00 -6.79624736e-01 -9.07504618e-01]
 [ 1.91463399e+00 -7.28754401e-01 -1.20897222e+00]
 [ 3.29864931e+00 -1.67826009e+00  2.12735486e+00]
 [-1.04639995e+00  8.55920196e-01  1.13930866e-01]
 [ 9.55162644e-01  6.26627207e-02  8.21181118e-01]
 [ 6.91133618e-01  5.21199822e-01  1.29481363e+00]
 [ 3.02851963e+00  2.94428921e+00 -4.00938702e+00]
 [-4.43014288e+00 -2.09190726e-01  8.51735950e-01]
 [-2.21502304e+00  9.98831987e-02 -3.62812090e+00]
 [ 3.11703348e+00  3.30314875e-01  1.37063161e-01]
 [-3.49059522e-01 -1.10122836e+00 -2.32348776e+00]
 [ 1.95170677e+00 -8.74941111e-01  1.94038880e+00]
 [ 9.45309281e-01  8.73535931e-01 -2.63091707e+00]
 [ 2.94027996e+00  8.20141971e-01  7.33099520e-01]
 [-1.11206365e+00 -6.10903561e-01 -2.51814342e+00]
 [ 7.18960583e-01  9.35279876e-02 -1.93995881e+00]
 [-1.12840211e+00 -6.63831085e-02  4.27126326e-02]
 [ 1.74333847e+00  1.14237881e+00  7.70382822e-01]
 [ 2.21970320e+00 -3.80425304e-01 -2.55246019e+00]
 [ 6.48153961e-01  1.01262823e-01 -4.91102666e-01]
 [-1.00827706e+00  1.22182453e+00 -5.67943633e-01]
 [-2.70697069e+00 -7.88155615e-01 -9.73992705e-01]
 [-1.10274231e+00 -2.43269414e-01  1.62071145e+00]
 [ 8.30433726e-01 -1.17396426e+00 -1.12209201e+00]
 [ 3.52355409e+00 -4.18662643e+00 -2.58006811e+00]
 [-1.13388047e-01 -1.63683325e-01  8.51641372e-02]
 [ 7.14532435e-01 -4.02688205e-01  1.56467810e-01]
 [ 1.11546481e+00 -2.10326135e-01 -2.61354595e-01]
 [-9.05258060e-01  3.02724034e-01 -6.04609251e-01]
 [-3.13588715e+00  1.60053957e+00 -7.16988742e-01]
 [-3.76767337e-01 -1.50853801e+00  7.48938173e-02]
 [ 2.22880292e+00 -5.81599474e-01  1.28005326e+00]
 [-7.92546034e-01 -3.81552577e-01  1.96363330e+00]
 [-1.58122456e+00  2.62341350e-01 -1.15278468e-01]
 [ 3.19893241e-01 -6.76800132e-01  9.63646829e-01]
 [-3.55170220e-02 -2.26099133e-01  1.30425107e+00]
 [ 1.10393333e+00  6.87141716e-03 -1.24600947e-01]
 [-8.40183645e-02  9.68386009e-02  1.58125207e-01]
 [-6.69959724e-01  6.92958713e-01  3.22923094e-01]
 [ 1.71879244e+00 -3.35246265e-01  8.80063713e-01]
 [-2.18568802e+00  7.75682867e-01  6.27240002e-01]
 [ 2.30310297e+00 -2.10167766e+00 -1.84701073e+00]
 [-1.00629665e-01 -1.13276601e+00 -4.40733194e-01]
 [-4.33413327e-01 -1.11029908e-01  4.89626199e-01]
 [-6.27711236e-01  2.62367696e-01  5.68932407e-02]
 [ 9.41040158e-01 -4.18623313e-02 -1.62691414e-01]
 [ 7.19913483e-01 -2.33828640e+00 -2.57218122e-01]
 [-8.64383876e-01  4.04693186e-01  1.25425684e+00]
 [-7.29105830e-01 -4.29261178e-02 -3.67377222e-01]
 [ 1.02838837e-01 -4.79853824e-02 -3.20330597e-02]
 [-1.03802121e+00  1.22623861e+00  9.54513907e-01]
 [-1.73263943e+00 -5.76828718e-01  1.32770491e+00]
 [-1.23152399e+00 -6.81207001e-01 -9.93085563e-01]
 [-3.88626361e+00 -2.83771515e-01  3.33110601e-01]
 [-2.34044939e-01  4.42186266e-01  6.47624657e-02]
 [-7.99134016e-01 -4.25237864e-01  4.72058564e-01]
 [ 1.20458734e+00 -9.42380130e-01  1.69992268e+00]
 [-1.82242489e+00 -7.99271047e-01  2.22347081e-01]
 [-8.61727715e-01  1.46049929e+00  4.00639951e-01]
 [-1.98781347e+00 -2.95654148e-01  1.76164091e+00]
 [ 6.45301759e-01 -1.50399357e-01  6.90769911e-01]
 [-2.92300057e+00 -8.82427156e-01  1.80335653e+00]
 [ 8.06979716e-01  3.42604935e-01  7.39557505e-01]
 [-3.25635463e-01 -3.24342251e-01 -3.34272444e-01]
 [-1.60011530e+00 -9.38112959e-02  1.23507917e+00]
 [ 1.68069637e+00  2.06268765e-03  5.11969984e-01]
 [ 1.77910358e-01  1.15658271e+00 -8.50917697e-02]
 [-1.84941971e+00 -7.24975765e-01 -3.36580426e-01]
 [ 2.86494422e+00  4.48013872e-01 -1.77019536e+00]
 [ 2.94947654e-01  1.14555573e+00  1.99375108e-01]
 [-7.34779537e-01 -3.53412628e-02 -6.25088334e-01]
 [-2.46688664e-01  4.87308949e-01 -7.58450389e-01]
 [-1.31263435e+00  7.48318017e-01  3.00904942e+00]
 [-3.36755872e-01 -3.28607857e-02 -5.53198874e-01]
 [ 3.93994331e-01 -1.01718456e-02 -6.42402470e-01]
 [-5.79141438e-01 -9.75733399e-01 -1.59661877e+00]
 [-1.20883238e+00 -1.81762969e+00  6.67887807e-01]
 [ 1.08797288e+00  1.25167918e+00 -5.92143714e-01]
 [-5.83015800e-01 -1.83307731e+00  1.42752349e-01]
 [-1.88487530e-01  4.82112789e+00 -9.68828678e-01]
 [ 1.38712299e+00  6.35599136e-01  2.33282375e+00]
 [-1.92723179e+00  6.14879227e+00  3.23910356e-01]
 [ 1.36868751e+00 -2.74924874e+00  4.63173926e-01]
 [ 2.30413973e-02 -5.85481942e-01 -5.64391315e-01]
 [-2.45580614e-01 -1.94319510e+00  8.30558717e-01]
 [-3.92903805e-01  7.79568732e-01 -1.06009901e+00]
 [ 3.29490721e-01 -4.62854505e-01 -3.36265594e-01]
 [ 1.87675524e+00 -3.05686522e+00 -3.91826034e-03]
 [-5.05478978e-01 -1.94783956e-01  1.77623010e+00]
 [-5.52699089e-01  1.42940545e+00  2.22005099e-01]
 [ 4.96228486e-01 -1.68956673e+00  1.07976162e+00]]
The stress tensor components are (kB): Sxx: 19.248821  Syy: 27.703627  Szz: -37.377098  Sxy: -18.059565  Syz: 2.104649  Sxz: -16.703852
Valence band maximum: -5.089759349822998 +- 0.05911033  eV
Conduction band minimum: -1.6867021322250366 +- 0.07049138  eV
Bandgap: 3.4030572175979614 +- 0.0764633  eV
Writing DOS curve to text file...
Made the dos plot ..
Total pred_charge: 329.56834069296485
file: ../database/crystals/R1000243
Predicting atomic charges, energy and DOS for the system in: ../database/crystals/R1000243
at_elem [32, 40, 8, 0]
Total number of electrons inside cell: 208
Atomic charges for the C atoms (same order as in POSCAR): [4.05604, 4.0481715, 3.9902937, 3.9799106, 4.167791, 4.1732354, 3.5365057, 3.8295, 4.073551, 4.0711007, 3.9697654, 3.9798703, 4.135722, 4.13766, 3.8295717, 3.9297311, 4.072403, 4.076475, 3.9560478, 3.9810627, 4.158433, 4.11949, 3.871617, 3.8324444, 4.082727, 4.0628886, 3.9718015, 4.0097203, 4.1216216, 4.1301546, 3.565234, 3.8203878]
Atomic charges for the H atoms (same order as in POSCAR): [0.939077, 0.9633293, 0.97107613, 0.9605984, 0.9480283, 0.96795374, 0.91081154, 0.8876041, 0.9463568, 0.9516934, 0.9627726, 0.9631774, 0.94121563, 0.9561679, 0.9468077, 0.9417428, 0.9438032, 0.9630317, 0.950351, 0.95619565, 0.92025936, 0.9712752, 0.9658195, 0.95172095, 0.9694655, 0.9567914, 0.9336242, 0.9365946, 0.9429884, 0.95782477, 0.9670538, 0.96045554, 0.9646244, 0.93990237, 0.9523959, 0.8992845, 0.938725, 0.95250237, 0.94820726, 0.95917237]
Atomic charges for the N atoms (same order as in POSCAR): [5.1496744, 5.188268, 5.138486, 5.174161, 5.1462803, 5.1744885, 5.14834, 5.1626825]
Writing atomic charges to text files...
#-----------------Energy and DOS prediction-----------------#
(1, 40, 360) (1, 40, 360) (1, 40, 360) (1, 40, 360)
(1, 40, 700) (1, 40, 568) (1, 40, 700) (1, 40, 700)
Total potential energy: -489.8074722290039  eV
Atomic forces (eV/A): [[ 3.8388472   0.6890385   1.2227925 ]
 [ 0.2571162  -4.546772    1.4366597 ]
 [-1.7775298   0.47654948  1.8773133 ]
 [-1.2404585   0.7631388   1.9451114 ]
 [-1.2600927   1.4206252   4.5505075 ]
 [ 1.1941569  -1.4631915   2.0239444 ]
 [ 3.0233977   0.16031694  2.264748  ]
 [ 1.3354125  -0.36187467 -1.8245629 ]
 [-3.451444   -0.33167595 -0.23964182]
 [ 1.3974991  -0.3815766  -0.7741692 ]
 [ 0.27555043 -0.22850196  1.494228  ]
 [ 2.9526973   2.9886875   1.1602405 ]
 [-0.60134435 -0.61464894 -0.33507094]
 [-0.42505294 -1.0996389  -0.5766311 ]
 [-1.2585244  -4.7031336   1.3516697 ]
 [-0.9829457  -0.6500483  -0.5449517 ]
 [-1.9651208  -2.9713671   0.2615962 ]
 [-0.2817942  -0.77434397 -0.68982357]
 [-0.46912998 -0.18880948  0.72018707]
 [-3.2811885  -0.32258752  2.4647408 ]
 [ 0.21214458 -0.917536    0.70509624]
 [ 0.57998145  0.7283006   2.2340188 ]
 [-2.1067407   0.4909744   0.2681442 ]
 [ 4.6954384   5.377414    2.2198257 ]
 [-1.7123817  -0.97282815  0.40804237]
 [-0.1758802   0.07060278 -0.19254592]
 [-1.0781201   0.4490093   1.022116  ]
 [ 1.2077627   2.054049    0.39798135]
 [-0.12150374 -3.574293   -0.6401914 ]
 [ 0.37258506 -0.13739933  0.40248388]
 [ 1.3367698   0.9238237  -0.4130643 ]
 [-0.194313   -0.4339674  -1.2180029 ]
 [ 1.8864366  -0.2544465  -0.41765356]
 [ 1.0551468  -0.26384723 -2.141439  ]
 [-1.4768329  -0.69943637 -0.40032503]
 [-0.7992751   2.5442944  -0.87706834]
 [-0.42272773  0.8909352  -1.0334481 ]
 [ 1.0926045   1.1669712  -0.7993296 ]
 [-0.61334217 -0.51380515 -2.2107606 ]
 [ 0.95946866  1.4497544  -0.03902944]
 [-0.362786    0.14114857  0.02835631]
 [-0.32590282 -0.5767832   0.26147324]
 [ 0.10492441 -0.53351194 -0.12631492]
 [-0.5010611  -0.2759345  -0.02765108]
 [ 3.2779112   2.3580189   1.0106711 ]
 [-0.28318784 -0.11131551 -0.03532333]
 [ 0.1122919   0.18724829 -0.07083511]
 [-0.3722012  -1.674616   -0.07650299]
 [ 1.1711516   1.2971411   1.9604604 ]
 [ 0.50372875 -0.3104057   1.6625645 ]
 [-0.31961572 -0.3351728  -0.56387925]
 [-0.11226318  1.0095631  -0.03111503]
 [ 0.5465011  -0.24145547 -0.44903177]
 [ 1.454413   -0.41882527 -2.1140332 ]
 [ 0.3232      0.4763737   0.2247595 ]
 [ 0.26936626 -0.19381355  0.21379921]
 [ 0.43749186  0.30581313 -0.6755991 ]
 [ 0.03189889  0.534784    0.01070993]
 [ 0.2781024  -0.3916137  -1.2335399 ]
 [ 0.49928278  0.6203277   0.7440569 ]
 [-1.0016826  -0.73928267  0.56775975]
 [-0.45332715 -0.1263272  -1.2998966 ]
 [ 0.4862763   0.37766638  0.07084759]
 [-0.20263177 -1.2075499  -1.0155076 ]
 [ 0.09919156  0.3378116   0.0112076 ]
 [-0.9434922  -0.5869194  -0.8881646 ]
 [-0.7806629  -0.11109544  1.8039119 ]
 [-1.0110595   0.49540728  1.4302033 ]
 [-1.346595    3.7565882  -0.16834617]
 [ 1.5184848   1.3918988  -0.33079857]
 [ 0.5249038  -0.02465262  0.72013515]
 [ 0.8531955  -1.1650158   0.51187724]
 [ 1.4361054   3.037907   -0.75352865]
 [-0.60129917 -0.7439206  -1.1976961 ]
 [ 0.11262885 -1.5161004   0.14246383]
 [-1.7008382  -1.892782    0.8434013 ]
 [ 1.0012052   2.2463076   0.02687347]
 [ 3.7103617   0.38896412  1.6298137 ]
 [ 0.73408085  0.7292678  -0.3771284 ]
 [-2.1207395  -3.1141982  -1.7920746 ]]
The stress tensor components are (kB): Sxx: 21.66787  Syy: 37.71407  Szz: 10.290112  Sxy: 2.9946704  Syz: 16.851322  Sxz: 17.093214
Valence band maximum: -4.343778610229492 +- 0.10494681  eV
Conduction band minimum: -1.53013014793396 +- 0.08256713  eV
Bandgap: 2.8136484622955322 +- 0.0910021  eV
Writing DOS curve to text file...
Made the dos plot ..
Total pred_charge: 206.38158156015035
====================Total Time taken for training: 60.343414545059204
====================Total Time taken for inference: 64.72727179527283
====================Total Time taken for ML_DFT: 125.07068634033203
