file: ../database/molecules/benzene
Predicting atomic charges, energy and DOS for the system in: ../database/molecules/benzene
at_elem [6, 6, 0, 0]
Total number of electrons inside cell: 30
Atomic charges for the C atoms (same order as in POSCAR): [4.0054293, 4.0082545, 3.9998243, 4.007217, 4.0070014, 4.000963]
Atomic charges for the H atoms (same order as in POSCAR): [0.9823179, 0.98133755, 0.9819852, 0.98255795, 0.98306435, 0.9827843]
Writing atomic charges to text files...
#-----------------Energy and DOS prediction-----------------#
(1, 6, 360) (1, 6, 360) (1, 6, 360) (1, 6, 360)
(1, 6, 700) (1, 6, 568) (1, 6, 700) (1, 6, 700)
Total potential energy: -75.71250915527344  eV
Atomic forces (eV/A): [[ 0.5653317   0.44939137  0.28211474]
 [-1.3031511   0.641972   -0.4945901 ]
 [ 2.0266826  -0.48644164  1.0469146 ]
 [-1.8927852   1.984809   -0.61471826]
 [-3.1055346  -0.7448873  -1.5149506 ]
 [ 1.2772194  -0.09132944  0.5359806 ]
 [-0.25603074 -0.5147704  -0.2716907 ]
 [ 0.76137525 -0.34347066  0.28699234]
 [-0.23810028  0.15336943 -0.11539702]
 [-0.19742039  0.24205585 -0.06781904]
 [ 1.3046557  -1.0190967   0.17071885]
 [ 0.12848358 -0.22135447 -0.03465193]]
The stress tensor components are (kB): Sxx: 4.440694  Syy: -4.3798203  Szz: 1.8674628  Sxy: -0.070310116  Syz: -0.107456565  Sxz: 2.3153741
Valence band maximum: -6.236204624176025 +- 0.016728459  eV
Conduction band minimum: -1.3304976224899292 +- 0.014688163  eV
Bandgap: 4.905707001686096 +- 0.024087712  eV
Writing DOS curve to text file...
Made the dos plot ..
Total pred_charge: 29.97661705331914
file: ../database/molecules/cyclopenta-1-2-diene
Predicting atomic charges, energy and DOS for the system in: ../database/molecules/cyclopenta-1-2-diene
at_elem [5, 6, 0, 0]
Total number of electrons inside cell: 26
Atomic charges for the C atoms (same order as in POSCAR): [4.0621448, 4.011234, 4.0071464, 4.00606, 4.0111723]
Atomic charges for the H atoms (same order as in POSCAR): [0.9555843, 0.9603772, 0.9804832, 0.98159575, 0.9820103, 0.98112345]
Writing atomic charges to text files...
#-----------------Energy and DOS prediction-----------------#
(1, 6, 360) (1, 6, 360) (1, 6, 360) (1, 6, 360)
(1, 6, 700) (1, 6, 568) (1, 6, 700) (1, 6, 700)
Total potential energy: -65.97259378433228  eV
Atomic forces (eV/A): [[ 0.9216433   0.54185104 -0.5463732 ]
 [-0.13632207  0.5336092   0.45970067]
 [-0.27762908  0.48442715  0.87588   ]
 [ 0.36848626 -0.371729   -0.22392514]
 [-1.0216593  -0.53636575 -1.4260968 ]
 [-0.8526336  -0.53645     0.6572032 ]
 [ 0.20929599 -0.42160043  0.30498624]
 [ 0.00348777 -0.08364284 -0.05048793]
 [-0.33868006  0.4449655   0.20392007]
 [-0.2512916  -0.02103359 -0.13470949]
 [-0.01975912  0.04566447  0.02458607]]
The stress tensor components are (kB): Sxx: -0.31268483  Syy: 1.7803158  Szz: 1.0379933  Sxy: 2.9051368  Syz: -0.6979984  Sxz: -3.804405
Valence band maximum: -5.38054084777832 +- 0.020939784  eV
Conduction band minimum: -1.5929607152938843 +- 0.021889046  eV
Bandgap: 3.787580132484436 +- 0.040529307  eV
Writing DOS curve to text file...
Made the dos plot ..
Total pred_charge: 26.00754698813517
file: ../database/molecules/ethyne
Predicting atomic charges, energy and DOS for the system in: ../database/molecules/ethyne
at_elem [2, 2, 0, 0]
Total number of electrons inside cell: 10
Atomic charges for the C atoms (same order as in POSCAR): [4.0099363, 4.012469]
Atomic charges for the H atoms (same order as in POSCAR): [0.97410035, 0.96964854]
Writing atomic charges to text files...
#-----------------Energy and DOS prediction-----------------#
(1, 2, 360) (1, 2, 360) (1, 2, 360) (1, 2, 360)
(1, 2, 700) (1, 2, 568) (1, 2, 700) (1, 2, 700)
Total potential energy: -22.817367553710938  eV
Atomic forces (eV/A): [[-1.5169261e+00 -8.2405818e-01  4.7903556e-01]
 [ 3.2825117e+00 -6.0820580e-02 -1.4182798e+00]
 [-2.3275369e-01  6.0887262e-04 -9.8358475e-02]
 [-8.3503342e-01 -9.4668001e-02  1.8429029e-01]]
The stress tensor components are (kB): Sxx: -2.9623947  Syy: -4.52197  Szz: 1.297327  Sxy: 4.040015  Syz: 2.0405264  Sxz: 2.3007827
Valence band maximum: -7.205982208251953 +- 0.012113103  eV
Conduction band minimum: -0.5757319927215576 +- 0.04092188  eV
Bandgap: 6.6302502155303955 +- 0.038049985  eV
Writing DOS curve to text file...
Made the dos plot ..
Total pred_charge: 9.939404084599527
file: ../database/chains/R1000001
Predicting atomic charges, energy and DOS for the system in: ../database/chains/R1000001
at_elem [4, 8, 0, 0]
Total number of electrons inside cell: 24
Atomic charges for the C atoms (same order as in POSCAR): [4.0737085, 4.0545797, 4.0721054, 4.061143]
Atomic charges for the H atoms (same order as in POSCAR): [0.95839727, 0.96142757, 0.9567795, 0.96162343, 0.9560363, 0.9591944, 0.95871794, 0.96552366]
Writing atomic charges to text files...
#-----------------Energy and DOS prediction-----------------#
(1, 8, 360) (1, 8, 360) (1, 8, 360) (1, 8, 360)
(1, 8, 700) (1, 8, 568) (1, 8, 700) (1, 8, 700)
Total potential energy: -65.99000358581543  eV
Atomic forces (eV/A): [[-1.1092017  -0.00453821 -0.11818658]
 [ 1.0059044  -1.547716   -0.12816647]
 [ 0.9024085  -1.2423538  -0.05169741]
 [ 0.14318115  1.4932965  -0.1352977 ]
 [-0.4218474   0.02556188 -0.06783011]
 [-0.54652005  0.13607089  0.02505993]
 [ 0.33120877  0.52107763  0.01060686]
 [ 0.37035438  0.53619653  0.03064763]
 [-0.4935288  -0.73533624 -0.09287769]
 [-0.6972718  -0.351713    0.07984629]
 [ 0.1625971   1.5245672   0.22619048]
 [-0.01291356 -0.6829507   0.06698325]]
The stress tensor components are (kB): Sxx: 1.1654575  Syy: 5.3600326  Szz: -2.4155054  Sxy: 1.8193156  Syz: 1.9034128  Sxz: -0.7045966
Valence band maximum: -6.567934036254883 +- 0.06348131  eV
Conduction band minimum: -0.7064937353134155 +- 0.009722592  eV
Bandgap: 5.861440300941467 +- 0.06774762  eV
Writing DOS curve to text file...
Made the dos plot ..
Total pred_charge: 24.24940548141116
file: ../database/chains/R1000043
Predicting atomic charges, energy and DOS for the system in: ../database/chains/R1000043
at_elem [44, 80, 0, 0]
Total number of electrons inside cell: 256
Atomic charges for the C atoms (same order as in POSCAR): [4.0780096, 4.0783916, 4.0132675, 4.003318, 4.0724587, 4.081061, 4.07384, 4.074773, 4.059681, 4.064986, 3.995009, 4.010805, 4.082811, 4.08121, 4.073451, 4.0632753, 4.0573235, 4.0694456, 4.0667944, 4.0684886, 4.0771294, 4.058699, 4.0678363, 4.081008, 4.0032215, 4.0133615, 4.0767713, 4.072709, 4.0515523, 4.0567517, 4.072213, 4.0812535, 4.0098314, 4.0167007, 4.081649, 4.080817, 4.063653, 4.060767, 4.049675, 4.062892, 4.0501113, 4.065065, 4.06866, 4.0808177]
Atomic charges for the H atoms (same order as in POSCAR): [0.96576166, 0.9611666, 0.9566524, 0.9599242, 0.9597143, 0.9650026, 0.96324897, 0.96010935, 0.95908034, 0.96186864, 0.9667819, 0.96273214, 0.9569226, 0.9630616, 0.9600805, 0.9774344, 0.9594497, 0.9643968, 0.9672852, 0.9676776, 0.96415895, 0.9625026, 0.9714471, 0.96956027, 0.97021174, 0.9609517, 0.9657222, 0.9658785, 0.96453094, 0.9648171, 0.9610468, 0.9668887, 0.96173275, 0.96696866, 0.96872747, 0.96527153, 0.97303945, 0.9704357, 0.9577144, 0.963812, 0.9620943, 0.95733106, 0.9680462, 0.9675901, 0.9700342, 0.9688864, 0.96362257, 0.9629198, 0.96098316, 0.96537703, 0.9675275, 0.97022533, 0.9666969, 0.9637569, 0.9573859, 0.9662967, 0.96931154, 0.9673032, 0.97474056, 0.9769545, 0.9667238, 0.9622619, 0.9637663, 0.9642342, 0.9569123, 0.96916187, 0.96637, 0.9611833, 0.9689331, 0.9570842, 0.956956, 0.9636485, 0.9660147, 0.96420574, 0.95863914, 0.96314484, 0.9702121, 0.9599128, 0.9584114, 0.96498823]
Writing atomic charges to text files...
#-----------------Energy and DOS prediction-----------------#
(1, 80, 360) (1, 80, 360) (1, 80, 360) (1, 80, 360)
(1, 80, 700) (1, 80, 568) (1, 80, 700) (1, 80, 700)
Total potential energy: -694.3549919128418  eV
Atomic forces (eV/A): [[-5.71331561e-01  5.04885435e-01 -3.38995129e-01]
 [-2.07106635e-01 -7.01775216e-03 -2.13427693e-01]
 [-3.85427862e-01 -3.05913359e-01 -3.00050080e-02]
 [ 5.49347281e-01  3.73218842e-02  5.70601225e-01]
 [ 7.32919455e-01  2.44160771e-01  1.34124553e+00]
 [ 3.54931176e-01 -7.70719886e-01  1.32903588e+00]
 [ 3.47459279e-02  4.45744216e-01 -1.49153721e+00]
 [-1.58767939e-01 -2.14056715e-01 -3.12645316e-01]
 [ 1.51268160e+00  7.74419606e-01 -2.62095362e-01]
 [-8.14488590e-01  5.73389590e-01  1.74162790e-01]
 [-2.33458853e+00  3.36983442e-01 -6.88838661e-01]
 [-9.55333054e-01  4.57663894e-01  7.76102543e-02]
 [ 4.19688672e-01  7.74184704e-01  5.14824331e-01]
 [ 4.42602128e-01 -5.20847365e-02 -3.50915849e-01]
 [ 5.48554324e-02 -1.85729917e-02 -1.01288483e-01]
 [ 1.23928770e-01  5.90903640e-01 -6.05335891e-01]
 [ 7.31535196e-01  2.49982804e-01  6.63855910e-01]
 [ 4.92955953e-01 -8.52833092e-01  5.91069937e-01]
 [ 4.36469108e-01 -3.26669484e-01 -2.01453179e-01]
 [ 1.53485954e+00 -3.23534042e-01 -6.21091545e-01]
 [-4.86749411e-01 -1.30512208e-01  4.68379855e-02]
 [-2.28048652e-01  1.42714143e+00 -1.62559581e+00]
 [-8.63830090e-01  1.72526225e-01  3.57615888e-01]
 [ 1.39837459e-01  7.37736583e-01  5.21761775e-02]
 [ 3.63997787e-01 -1.26683307e+00  9.71117973e-01]
 [-3.56781185e-01 -1.85535777e+00 -5.87116957e-01]
 [ 7.56684318e-03  5.29428661e-01  5.17262816e-01]
 [-7.58155137e-02 -1.48448925e-02 -2.80392408e-01]
 [ 9.93300736e-01 -1.69686425e+00  1.04994941e+00]
 [ 6.84028804e-01 -1.16610777e+00  8.66062105e-01]
 [-4.41283256e-01  1.53994769e-01 -4.01765943e-01]
 [ 7.82080114e-01 -7.38452971e-01 -9.66525674e-01]
 [ 5.61796308e-01  5.35002872e-02  5.75055629e-02]
 [-2.22092718e-01  4.67554092e-01  3.45954597e-01]
 [ 5.88867068e-01 -3.89627844e-01 -6.98799372e-01]
 [ 2.55826324e-01  2.55206019e-01  1.87290895e+00]
 [ 6.71390474e-01  8.23850095e-01 -1.05329370e+00]
 [-6.43616796e-01  1.58561182e+00  4.64357764e-01]
 [ 3.87266666e-01 -7.03485012e-02  2.71347332e+00]
 [ 1.84124023e-01 -7.39135221e-02 -7.84784734e-01]
 [ 1.71137846e+00 -5.12504578e-01 -1.43132162e+00]
 [ 8.63339752e-02  3.16501081e-01  4.06834126e-01]
 [ 4.01744992e-02  6.39212430e-01 -8.08892727e-01]
 [-7.21313059e-04 -2.82234311e-01 -4.12441671e-01]
 [-6.82987645e-02  5.13236225e-02  1.15457743e-01]
 [ 1.16695575e-01 -1.47208288e-01  1.31718814e-01]
 [ 4.47504222e-02 -4.52760756e-01 -2.25439727e-01]
 [ 8.84731933e-02  1.07176602e-03  2.20785681e-02]
 [-9.54513103e-02  1.15936749e-01  4.34193939e-01]
 [-3.01769674e-01 -3.73280585e-01  5.99987924e-01]
 [-4.88438666e-01 -4.70664710e-01  7.39252985e-01]
 [ 1.47294164e-01  1.73494875e-01 -2.72605956e-01]
 [ 6.46570921e-01  2.79596567e-01  2.31726423e-01]
 [-3.72351319e-01  7.45044574e-02  2.51144230e-01]
 [-7.32244611e-01  2.34137267e-01  1.41995221e-01]
 [-1.82135329e-02  5.51423430e-01 -2.87703156e-01]
 [ 3.86888757e-02  8.61325301e-03  6.03915080e-02]
 [-6.02520525e-01 -7.31788099e-01  5.01272559e-01]
 [ 2.22840622e-01  1.52524356e-02  2.99038261e-01]
 [ 8.38906616e-02 -1.33796597e+00  9.50164139e-01]
 [ 5.54962433e-04 -6.63423836e-02 -2.96457767e-01]
 [ 1.84433341e-01 -1.87451750e-01 -2.01416209e-01]
 [ 2.04249218e-01  3.70242856e-02  1.46240786e-01]
 [ 1.74269423e-01 -3.03359151e-01  9.51993018e-02]
 [ 1.09792762e-02  2.92344034e-01 -3.06594223e-02]
 [-1.82741746e-01 -2.06057340e-01 -1.18353471e-01]
 [-4.30512935e-01  1.07850559e-01  6.38167337e-02]
 [-7.10437000e-01 -2.32969932e-02 -2.71123767e-01]
 [-4.30141360e-01 -8.98281336e-02 -4.72868085e-01]
 [-1.26620090e+00  5.59495166e-02  1.39907263e-02]
 [ 4.60069805e-01  3.21348906e-01 -6.17478490e-01]
 [ 2.81059533e-01  6.19973987e-02 -4.57320690e-01]
 [ 2.97534317e-01  7.72928074e-02  2.56094635e-01]
 [ 1.02908220e-02 -3.72155011e-03  3.42685878e-01]
 [-5.23084641e-01 -5.04269421e-01  8.88001740e-01]
 [ 6.07805066e-02 -4.29004580e-02  1.66314803e-02]
 [-3.35297585e-01 -3.84715796e-02  5.55516720e-01]
 [-1.17802873e-01  1.48779422e-01 -7.82414302e-02]
 [-5.45364916e-01 -2.60393649e-01  1.02831297e-01]
 [ 8.12310576e-01 -6.24247670e-01  6.29547518e-04]
 [ 9.01370272e-02  4.41431522e-01 -3.11952710e-01]
 [ 1.49980202e-01  2.03585938e-01  1.28411371e-02]
 [-3.72860610e-01 -9.12106097e-01 -4.14689392e-01]
 [-3.88939559e-01  1.02007627e-01  8.92427117e-02]
 [ 2.33348027e-01 -2.84198403e-01 -9.45339873e-02]
 [ 1.21135764e-01 -8.20938587e-01 -1.60039261e-01]
 [ 3.56136739e-01 -3.01776141e-01 -2.13110209e-01]
 [ 6.28803015e-01  1.45335615e-01 -4.41953540e-01]
 [ 2.52399653e-01  3.91020566e-01 -1.67602718e-01]
 [ 7.47423708e-01  1.29799986e+00 -1.02808341e-01]
 [-2.27959573e-01 -8.33339512e-01  2.07559928e-01]
 [-2.31136426e-01 -1.12228763e+00  1.06840087e-02]
 [ 2.40460470e-01 -1.28141806e-01 -6.81347907e-01]
 [ 2.14694053e-01  2.91439474e-01 -5.69497168e-01]
 [ 8.00732225e-02 -1.25029042e-01 -5.55752814e-01]
 [ 2.15915322e-01 -2.70316839e-01  2.22310528e-01]
 [-4.81535077e-01  9.48593915e-01  6.08604610e-01]
 [-6.37250483e-01  1.02678621e+00 -1.13847077e-01]
 [ 6.98801041e-01 -3.62800688e-01 -2.09812120e-01]
 [ 1.39692411e-01 -2.19518960e-01  6.86229765e-01]
 [ 1.15791857e-02 -1.81491524e-01  2.66015343e-03]
 [-8.99842918e-01  1.08686233e+00 -3.93763557e-02]
 [-8.16580057e-02  1.47738811e-02 -9.82435822e-01]
 [ 3.00397396e-01  4.96159762e-01  1.96256712e-01]
 [-3.48435819e-01  1.31182104e-01 -1.16497591e-01]
 [ 1.53865173e-01 -1.10016331e-01  1.14162259e-01]
 [ 3.43999714e-01 -3.28833818e-01 -1.04806221e+00]
 [ 4.57499474e-01 -4.03871328e-01 -4.37941514e-02]
 [-1.38372421e-01  8.67044181e-02  6.34080529e-01]
 [ 1.83199242e-01 -2.93370515e-01 -2.03014448e-01]
 [-1.15079135e-01 -4.51613367e-01 -1.93459511e-01]
 [ 1.71245873e-01 -4.82541919e-01  1.77184850e-01]
 [-3.90136749e-01 -9.29540917e-02 -7.24714220e-01]
 [ 2.58243918e-01  3.89018625e-01  5.38731456e-01]
 [ 8.69563043e-01  4.15829033e-01 -3.57975096e-01]
 [ 9.33982283e-02  1.27580047e-01  2.12906078e-01]
 [-5.22902608e-01 -1.88160226e-01  6.87168658e-01]
 [ 4.60620135e-01 -2.96292901e-01 -1.93886027e-01]
 [ 1.18035287e-01 -4.93418157e-01  3.80313694e-01]
 [-3.47434998e-01 -7.55744502e-02 -6.33204341e-01]
 [ 6.02418482e-02 -5.97761691e-01  1.05258822e+00]
 [-2.06659548e-02  2.10831791e-01 -4.81719583e-01]
 [-9.54156667e-02 -3.66198480e-01 -9.36238021e-02]
 [-1.44609874e-02  7.36500621e-02 -5.63279800e-02]]
The stress tensor components are (kB): Sxx: 0.93988395  Syy: 3.7739842  Szz: -0.90635794  Sxy: -1.9379834  Syz: 2.1743107  Sxz: -3.8187385
Valence band maximum: -6.196620464324951 +- 0.031750392  eV
Conduction band minimum: -0.9205366373062134 +- 0.016650278  eV
Bandgap: 5.276083827018738 +- 0.033755444  eV
Writing DOS curve to text file...
Made the dos plot ..
Total pred_charge: 256.072879781011
file: ../database/chains/R1000125
Predicting atomic charges, energy and DOS for the system in: ../database/chains/R1000125
at_elem [96, 160, 0, 0]
Total number of electrons inside cell: 544
Atomic charges for the C atoms (same order as in POSCAR): [4.064532, 4.068685, 4.022973, 4.030195, 3.986503, 3.977363, 4.0214744, 4.021038, 4.022116, 4.0208187, 3.9792495, 3.9861555, 4.079726, 4.075386, 4.0666056, 4.050442, 4.0648217, 4.065177, 4.0583253, 4.0670094, 4.0610595, 4.063635, 4.0735636, 4.068608, 4.0710034, 4.0746846, 4.0744767, 4.0684185, 4.086704, 4.063319, 4.0695357, 4.0740232, 4.0679784, 4.067995, 4.055852, 4.070296, 4.04967, 4.0742426, 4.066284, 4.069203, 4.0717654, 4.071657, 4.140107, 4.143102, 4.027365, 4.024156, 4.019494, 4.0213556, 4.0769987, 4.0821285, 4.013261, 4.0240526, 3.977707, 3.9788747, 4.0145926, 4.021811, 4.024825, 4.018632, 3.980094, 3.9792387, 4.06688, 4.0760427, 4.0696325, 4.0657673, 4.079736, 4.0684147, 4.068579, 4.075107, 4.0777884, 4.0766172, 4.086091, 4.0650373, 4.0694494, 4.056341, 4.0605607, 4.071191, 4.075425, 4.0836477, 4.0863466, 4.073806, 4.078811, 4.0680914, 4.069875, 4.064199, 4.0665836, 4.064735, 4.0576086, 4.075234, 4.069462, 4.0690536, 4.145586, 4.146323, 4.019756, 4.02032, 4.0203056, 4.0229692]
Atomic charges for the H atoms (same order as in POSCAR): [0.96482706, 0.95636106, 0.963161, 0.9626368, 0.9667071, 0.96151245, 0.96399295, 0.96110314, 0.96377695, 0.95845854, 0.9660772, 0.96505415, 0.95731527, 0.96018064, 0.9674397, 0.96261334, 0.96256614, 0.9541663, 0.95542073, 0.95663357, 0.95414484, 0.9596336, 0.94096756, 0.94957614, 0.95723295, 0.9524239, 0.9446778, 0.94409037, 0.98000574, 0.9813442, 0.9802898, 0.9792965, 0.96431565, 0.9615995, 0.96056306, 0.9645218, 0.9731924, 0.9634299, 0.9817706, 0.98177516, 0.9804914, 0.9815657, 0.9627159, 0.9611958, 0.96020687, 0.9666608, 0.9623386, 0.96532, 0.96055084, 0.96281344, 0.95898104, 0.9564726, 0.97020155, 0.9641212, 0.9655375, 0.9556764, 0.96763474, 0.96853745, 0.9591602, 0.961813, 0.971761, 0.96116865, 0.95943177, 0.97601324, 0.96389323, 0.9658561, 0.96271527, 0.955708, 0.96651447, 0.9602529, 0.9579996, 0.9639988, 0.96843505, 0.96825397, 0.9537937, 0.96225387, 0.95756835, 0.9628636, 0.9591439, 0.96475697, 0.96447366, 0.95995057, 0.95637953, 0.9568897, 0.96419364, 0.9674289, 0.9743703, 0.9831264, 0.97983146, 0.98325264, 0.953063, 0.9650152, 0.96256685, 0.96367514, 0.95864946, 0.9634066, 0.95836186, 0.9623146, 0.95797527, 0.96223664, 0.9573928, 0.96562564, 0.95678985, 0.96311903, 0.9620054, 0.96520835, 0.95869434, 0.9575762, 0.9633529, 0.9635717, 0.95444536, 0.9645255, 0.95730215, 0.96299344, 0.96252865, 0.9644046, 0.9668918, 0.96313256, 0.9625485, 0.960436, 0.9658376, 0.960605, 0.95809734, 0.96127516, 0.96073437, 0.96413386, 0.95989364, 0.95833135, 0.9557638, 0.964846, 0.9706897, 0.9661975, 0.96264064, 0.95760286, 0.9607147, 0.9610409, 0.96199745, 0.96038866, 0.96691614, 0.97184664, 0.96348095, 0.9600167, 0.96483016, 0.97455007, 0.9620966, 0.96416116, 0.95717555, 0.9590024, 0.9573945, 0.9637804, 0.9478903, 0.95326316, 0.94110703, 0.9489174, 0.9435538, 0.95324266, 0.9818797, 0.9794074, 0.98017365, 0.97682136]
Writing atomic charges to text files...
#-----------------Energy and DOS prediction-----------------#
(1, 160, 360) (1, 160, 360) (1, 160, 360) (1, 160, 360)
(1, 160, 700) (1, 160, 568) (1, 160, 700) (1, 160, 700)
Total potential energy: -1460.319091796875  eV
Atomic forces (eV/A): [[ 6.55450702e-01  2.01115102e-01 -2.23082185e-01]
 [-1.16248572e+00  4.32873785e-01 -3.23424011e-01]
 [-1.71829414e+00 -1.44787407e+00 -1.69488013e+00]
 [-1.41391754e+00  5.60418189e-01 -6.04719639e-01]
 [ 3.53072256e-01  1.22480619e+00  1.72263816e-01]
 [-2.74579525e+00 -4.30770218e-01 -5.35687804e-01]
 [ 2.95350522e-01  1.12144828e-01  2.08223030e-01]
 [ 1.58964467e+00 -5.69373190e-01 -3.67945135e-02]
 [-1.80141822e-01 -1.87796247e+00 -5.01223147e-01]
 [-3.98500293e-01  5.95552921e-01  2.99069360e-02]
 [ 8.80152881e-01  6.91584110e-01  1.51772931e-01]
 [-1.13082886e-01 -1.37767351e+00 -1.01078689e-01]
 [-8.47318649e-01 -4.22614217e-02 -3.39461386e-01]
 [ 4.77854341e-01 -6.50346696e-01  4.36310798e-01]
 [-5.39760113e-01  3.62704545e-02 -3.60360444e-01]
 [ 1.02643740e+00 -1.06447589e+00  6.82338327e-02]
 [ 2.78247207e-01 -1.30691558e-01  1.77318528e-01]
 [-2.45947272e-01  4.85928580e-02 -2.48772562e-01]
 [-8.08193982e-01 -1.67598099e-01 -1.76549315e+00]
 [-5.28068483e-01 -9.59231406e-02 -1.14895329e-01]
 [-3.04618329e-01  2.08153665e-01  9.34109449e-01]
 [ 4.51626718e-01  5.79641461e-01  7.06940293e-01]
 [-2.55170941e-01  6.97247982e-02  9.07115936e-01]
 [-6.63302302e-01 -1.45839643e+00 -1.49254143e+00]
 [ 3.67851645e-01 -5.85954547e-01 -1.32600856e+00]
 [-4.78386074e-01 -3.61746490e-01  3.87263626e-01]
 [-6.50568187e-01 -2.80639231e-01 -4.28680032e-02]
 [ 2.07180962e-01 -4.75591272e-02 -9.39739048e-01]
 [ 2.06856346e+00  9.83379841e-01 -1.39051247e+00]
 [-3.07931751e-02  2.25820243e-01  1.28156996e+00]
 [-9.86382186e-01  4.38138455e-01  3.38249624e-01]
 [ 5.64347982e-01  7.25105405e-01 -5.13545573e-01]
 [-2.65062749e-01  1.99508101e-01  4.64478761e-01]
 [-4.11059320e-01 -1.93561733e-01  2.01683179e-01]
 [-1.05177462e+00  4.31535877e-02 -1.05101180e+00]
 [ 6.60007179e-01  7.26963162e-01 -3.43741477e-01]
 [ 9.88260925e-01 -2.85271347e-01 -3.35677564e-01]
 [ 4.10670161e-01 -2.45516151e-02 -1.11383617e+00]
 [ 6.22454882e-01 -9.70739424e-02 -1.91289842e-01]
 [ 1.35570383e+00  3.99358153e-01  6.95651948e-01]
 [ 2.06894696e-01 -5.24658203e-01  1.89354599e-01]
 [ 1.00128686e+00  4.78046119e-01  3.92603129e-02]
 [-1.02639115e+00  2.98904270e-01 -2.55462408e-01]
 [-2.08296448e-01 -1.97616257e-02  1.79186165e-01]
 [-1.09060287e+00 -6.34644985e-01 -2.35306412e-01]
 [-1.01963603e+00  2.46653152e+00  2.37485528e-01]
 [-4.25886452e-01  4.39936697e-01 -5.25008552e-02]
 [ 2.34885192e+00 -2.73198748e+00 -1.22298944e+00]
 [ 6.54878318e-01  8.71420205e-01  6.68802321e-01]
 [ 5.11280358e-01 -3.86129975e-01 -2.71084636e-01]
 [ 9.97162044e-01 -1.26643091e-01 -7.03930676e-01]
 [ 1.24820098e-01  3.23608249e-01 -9.69444364e-02]
 [-7.68684030e-01 -1.09462965e+00  4.37327147e-01]
 [-5.33876300e-01  9.15582061e-01 -4.82389063e-01]
 [ 5.62026799e-02  6.67492032e-01 -1.55693650e-01]
 [ 2.23820150e-01  1.75268408e-02  7.74167255e-02]
 [-1.49087155e+00 -5.43725133e-01  7.39169061e-01]
 [ 1.11516103e-01 -4.40076977e-01  1.32681057e-01]
 [ 2.84652829e-01 -5.95426440e-01  6.20777719e-02]
 [-3.66501093e-01 -2.00193787e+00  5.91591060e-01]
 [ 2.48397142e-01 -1.71545655e-01  6.88523054e-01]
 [-4.79698777e-01  3.85862380e-01 -2.08048329e-01]
 [ 1.53270650e+00 -8.22380483e-02 -1.73310876e-01]
 [-7.22738862e-01  5.50792038e-01 -4.03688520e-01]
 [-1.14415729e+00  1.17315523e-01  5.30292273e-01]
 [-1.42173529e-01 -4.73064333e-02 -3.08994144e-01]
 [ 4.59445059e-01 -1.34277701e-01 -2.69129932e-01]
 [ 7.63928950e-01 -7.26710334e-02  8.07767630e-01]
 [ 1.59683868e-01  2.80240685e-01 -7.32363760e-01]
 [ 2.75484264e-01  1.09704740e-01  3.57080489e-01]
 [-1.19851053e+00 -8.05550814e-02 -5.36122024e-01]
 [ 9.21121478e-01  4.47732449e-01 -1.16586912e+00]
 [ 3.33152860e-01 -1.41743660e-01  3.46038014e-01]
 [ 1.26102972e+00  4.16975290e-01  1.14703703e+00]
 [ 2.15950787e-01 -1.24033615e-02 -1.34966338e+00]
 [-4.78892893e-01 -6.63992882e-01 -9.00642872e-01]
 [ 4.32165027e-01  2.60324836e-01 -1.83571056e-01]
 [ 9.40398276e-01  5.49957752e-01  2.92967051e-01]
 [-9.45728660e-01  5.45737386e-01 -2.39554107e-01]
 [-1.61100030e+00  3.66056412e-02 -2.73175597e-01]
 [ 4.20282632e-01 -2.36528888e-01 -5.37390709e-01]
 [ 2.22185016e-01  2.00467288e-01 -3.36157382e-01]
 [-3.35408822e-02 -5.93634963e-01  9.77331519e-01]
 [-4.77452636e-01  2.48221755e-02 -3.89102586e-02]
 [-1.25338033e-01 -1.50465280e-01 -1.60356939e+00]
 [-2.06043839e-01 -2.60138214e-02 -2.36069870e+00]
 [-1.44332683e+00  1.47310257e+00  9.97653067e-01]
 [-1.55427888e-01 -3.95555615e-01 -6.46698892e-01]
 [ 6.00725859e-02  2.66354233e-01 -2.35020339e-01]
 [-9.45651680e-02  2.05956519e-01 -3.37769479e-01]
 [ 4.20767725e-01  4.94420320e-01 -1.46151349e-01]
 [-1.29563600e-01 -6.93658590e-02  2.80225314e-02]
 [ 3.23788941e-01 -1.56651989e-01  8.76228660e-02]
 [-9.47834790e-01  3.46529186e-01  5.41346371e-01]
 [ 5.41256905e-01  8.70472193e-01 -3.97138178e-01]
 [ 5.69838226e-01  2.19463170e-01 -4.20477003e-01]
 [ 9.82469082e-01 -4.28895772e-01  3.94702293e-02]
 [-5.14296412e-01 -3.65796268e-01  4.46501076e-01]
 [-7.39859641e-01  3.62867713e-01  2.93153554e-01]
 [ 7.17266137e-03  4.10445742e-02  3.76780853e-02]
 [ 2.35679410e-02 -8.40585530e-02 -1.01886976e+00]
 [ 8.62922966e-02 -2.60270953e-01 -2.97934622e-01]
 [ 7.92127773e-02  1.35031655e-01  8.54191482e-01]
 [-7.19385147e-02 -1.63016438e-01 -1.03061438e-01]
 [ 4.79948729e-01 -1.24006979e-01 -2.14111343e-01]
 [-5.64481914e-01 -3.98393154e-01  2.86842078e-01]
 [ 1.12854421e-01  1.06464341e-01  6.50513768e-01]
 [-6.14109218e-01  4.79063183e-01  7.69924596e-02]
 [-1.55678168e-01  3.77257466e-01 -2.04500392e-01]
 [-3.35477471e-01 -2.71516502e-01  2.40331560e-01]
 [-4.96012509e-01  5.74831128e-01 -9.63476077e-02]
 [ 2.67640818e-02 -8.16497803e-02 -1.00363195e+00]
 [-3.61882448e-02 -1.39700934e-01  1.14413425e-01]
 [-1.03394496e+00 -2.37562075e-01 -3.67605649e-02]
 [-4.28590998e-02 -1.59817874e-01  1.22611061e-01]
 [-4.45794433e-01  4.63860095e-01  3.76032680e-01]
 [-2.16798723e-01  1.69920713e-01  4.94131371e-02]
 [-9.76620894e-03 -2.87286788e-01 -1.50878116e-01]
 [ 3.58204007e-01 -2.36506626e-01 -6.63971528e-02]
 [ 4.64556456e-01 -3.30523014e-01  1.38237998e-01]
 [ 9.13197637e-01  5.59397399e-01 -4.70820963e-01]
 [ 5.73578328e-02  8.37107897e-01  1.53797105e-01]
 [-3.18092592e-02 -3.43736947e-01 -1.36887997e-01]
 [ 2.02546299e-01 -1.01146944e-01  1.70184020e-02]
 [ 1.19797218e+00  6.22384310e-01  2.30185434e-01]
 [ 5.34132600e-01  2.99156189e-01  1.06919274e-01]
 [-4.43343043e-01  5.53151965e-01 -5.54332212e-02]
 [ 3.26149672e-01  7.32094705e-01  2.94985622e-01]
 [ 3.75704020e-02 -1.95264131e-01  1.41838208e-01]
 [ 6.66734993e-01 -4.77113903e-01  3.16038102e-01]
 [ 9.07477885e-02  1.63877994e-01 -2.83705115e-01]
 [ 3.69835645e-01 -1.32631809e-01  7.57906213e-02]
 [ 1.48226595e+00 -2.58867890e-01  8.89418662e-01]
 [ 4.97830778e-01  7.78491944e-02 -2.05484062e-01]
 [ 7.20920086e-01  1.00178778e-01  1.66693866e-01]
 [-1.51485845e-01 -1.50299683e-01 -3.28814648e-02]
 [-1.69965357e-01  2.22504899e-01  2.10435763e-02]
 [ 4.42782968e-01 -3.18113118e-01  5.32527752e-02]
 [-4.50177670e-01 -9.25051123e-02 -1.86242178e-01]
 [-4.94394116e-02  5.69373835e-03  1.68665767e-01]
 [ 8.22272897e-02 -3.22695285e-01  6.68722272e-01]
 [-1.44205943e-01  3.18336606e-01 -2.45332569e-01]
 [ 6.93137527e-01  5.97341545e-02  3.27582747e-01]
 [-3.42617273e-01  3.86808962e-01 -7.32127130e-01]
 [ 9.25639272e-02 -2.58341134e-02  3.55762802e-02]
 [-1.90301552e-01  1.50669023e-01  5.30478179e-01]
 [-2.57236004e-01  1.24724671e-01 -1.23816393e-01]
 [ 3.31695437e-01 -1.18019551e-01  1.38874695e-01]
 [ 6.09282553e-02  3.43798876e-01  6.02701843e-01]
 [-9.46582705e-02  1.43496111e-01 -1.20788440e-01]
 [ 1.11854956e-01 -8.74876752e-02  8.13027024e-02]
 [ 3.50409091e-01  5.06482869e-02  2.58192629e-01]
 [ 5.57295568e-02  1.42488062e-01  3.38476717e-01]
 [ 3.33939612e-01  2.14707449e-01 -1.28512055e-01]
 [ 1.70844153e-01  4.44793701e-02  1.09647214e-01]
 [ 1.91872746e-01  1.77487969e-01  8.58333334e-02]
 [ 5.66635847e-01 -3.01120788e-01 -6.17551625e-01]
 [-6.93542883e-04  9.64751467e-04 -1.16192892e-01]
 [ 4.40289289e-01  2.35574573e-01 -6.10979162e-02]
 [ 9.92989719e-01  1.39107871e+00  5.49834311e-01]
 [-1.89844161e-01 -3.70926797e-01 -3.23011577e-01]
 [-2.64736533e-01  1.64671957e-01  6.48034811e-01]
 [-3.30607712e-01 -1.85035020e-01  1.30590349e-01]
 [ 4.25579488e-01  4.32532653e-02 -6.69426501e-01]
 [ 6.43145263e-01  5.07489681e-01  5.34442067e-01]
 [ 1.83495492e-01 -1.50713459e-01 -1.41656101e-01]
 [-8.43661800e-02  9.66466591e-03  5.04530787e-01]
 [ 3.39231119e-02  1.01679230e+00 -5.26109040e-01]
 [ 3.22987497e-01  2.34644100e-01  4.11825590e-02]
 [-4.44610082e-02 -3.18621546e-01  8.63321424e-02]
 [-1.18593109e+00 -9.75485265e-01 -6.50525272e-01]
 [-2.23590396e-02  1.05862699e-01 -1.11037746e-01]
 [ 5.15156612e-02  3.69010836e-01  7.88805127e-01]
 [ 9.47350115e-02 -1.08693324e-01 -6.50917530e-01]
 [-1.93027668e-02 -2.78287493e-02 -1.32733017e-01]
 [ 4.10990044e-02 -4.21589985e-02 -9.91432294e-02]
 [ 1.45299792e-01  1.67442739e-01  1.82814807e-01]
 [-1.51594028e-01  6.33148551e-01  2.37576187e-01]
 [-7.29799330e-01 -8.98350358e-01 -9.60018516e-01]
 [ 1.30858481e-01 -1.04432657e-01 -1.20394140e-01]
 [ 5.05647659e-01  2.39346817e-01 -1.94415718e-01]
 [ 2.36853942e-01  2.02056393e-01 -1.85819477e-01]
 [-3.72370422e-01  7.61456788e-04  3.03276181e-01]
 [-3.73634696e-01 -1.25773409e-02  3.68122198e-02]
 [-1.35776088e-01 -5.99727750e-01  1.33762166e-01]
 [-2.66959250e-01  4.81709182e-01 -1.05305001e-01]
 [-9.62352008e-03 -2.12841891e-02 -2.48028651e-01]
 [ 2.41760746e-01 -2.13992298e-01  1.47251328e-02]
 [-2.90151477e-01  1.57518327e-01 -1.42477140e-01]
 [ 1.59602806e-01 -5.77582419e-02  3.33867222e-01]
 [-1.48964798e+00 -2.93075740e-02  3.91846478e-01]
 [-2.84495503e-02  4.74442821e-03  3.45805176e-02]
 [ 1.02074884e-01  2.20278338e-01 -3.16088408e-01]
 [ 4.41265330e-02 -5.46053052e-05 -4.21802640e-01]
 [-2.49583736e-01 -1.54547021e-03  2.13231340e-01]
 [ 4.11858499e-01 -2.08583891e-01 -9.02548060e-02]
 [ 1.12011909e+00  6.32261336e-02 -4.92397934e-01]
 [ 2.66994834e-01 -1.40678972e-01  5.20795286e-01]
 [ 2.30269164e-01 -2.14057103e-01 -1.23070978e-01]
 [ 8.05949643e-02  1.91559985e-01  4.54843313e-01]
 [ 3.49719554e-01 -2.59985656e-01 -1.29171401e-01]
 [-4.96063977e-01  1.06476717e-01  1.02179162e-02]
 [ 4.59701270e-01  2.51162648e-01 -2.07893014e-01]
 [-9.05315876e-01 -3.26490343e-01  1.38800312e-02]
 [ 4.37441707e-01  1.16277352e-01  9.28868726e-02]
 [-3.93842608e-01 -4.31178719e-01  7.04453647e-01]
 [ 2.56766193e-03  5.90767190e-02 -6.92287385e-01]
 [ 1.49296969e-01  9.73306596e-02 -5.37985027e-01]
 [ 3.91250737e-02  2.70560011e-02  5.75578213e-01]
 [-7.68952549e-01 -3.95325422e-01  8.33191872e-01]
 [-8.81597340e-01 -2.05514908e-01 -5.43717146e-01]
 [-2.08351046e-01 -1.23991817e-03  7.83477962e-01]
 [-7.33425617e-01 -5.10181069e-01 -3.24593425e-01]
 [-1.12422638e-01 -2.64111906e-02  8.83435830e-02]
 [-2.49876112e-01 -2.65638083e-01  5.35450466e-02]
 [ 1.87255666e-01  1.35060310e-01  6.00932121e-01]
 [ 7.66109899e-02  1.21090494e-01  5.03874421e-02]
 [ 9.37608555e-02 -1.38347000e-02 -2.58505866e-02]
 [-4.20646556e-03 -1.01711005e-02 -2.04751000e-01]
 [-3.15346509e-01 -2.22605556e-01 -6.87180638e-01]
 [-5.41473806e-01 -3.22328746e-01  3.18895906e-01]
 [-1.41418636e-01 -1.04605980e-01  2.16385201e-01]
 [-1.40757129e-01  3.06391343e-02  4.83062625e-01]
 [ 9.29708183e-01  6.57858551e-02 -1.69616863e-01]
 [-7.04619959e-02  3.07129212e-02 -2.69824594e-01]
 [ 7.89332211e-01 -2.83975542e-01  2.21902534e-01]
 [-1.03279483e-02 -1.99088603e-01  7.69613862e-01]
 [ 2.46047247e-02  1.24068007e-01 -2.51240045e-01]
 [-6.09827220e-01  8.14617053e-03  1.99566022e-01]
 [ 6.01652324e-01 -9.17364508e-02 -1.64247788e-02]
 [ 3.16997707e-01  4.95711379e-02 -1.31679296e-01]
 [ 2.13990003e-01 -1.19182982e-01  1.74783245e-01]
 [-5.91389656e-01  5.09787202e-01 -6.69023991e-01]
 [ 1.10284820e-01  8.76379758e-03 -7.59857967e-02]
 [ 6.04953095e-02 -1.75758913e-01  7.81425476e-01]
 [ 2.23878369e-01 -1.06739318e+00  1.39099097e+00]
 [ 6.90260753e-02 -1.71115205e-01 -3.69506538e-01]
 [-3.09766442e-01  4.07839745e-01  4.59290802e-01]
 [ 1.40218027e-02 -1.24891855e-01 -1.15257651e-02]
 [ 1.00878024e+00 -1.12779343e+00 -7.16538489e-01]
 [ 1.79120153e-01  8.45130622e-01  1.40213117e-01]
 [-1.07318096e-01  5.71239702e-02  4.66301262e-01]
 [ 4.31094319e-04  2.84274548e-01 -1.88671663e-01]
 [ 8.37568194e-02 -4.32503045e-01 -2.11484849e-01]
 [-1.69891138e-02 -2.35432476e-01  1.03259653e-01]
 [ 5.60386591e-02 -1.36144921e-01  7.28306353e-01]
 [ 1.24656022e-01  1.92749798e-01 -5.30502677e-01]
 [-1.15311593e-01 -3.41836065e-01  1.63884357e-01]
 [ 3.29379350e-01  8.97697031e-01  4.66803938e-01]
 [ 1.21718243e-01  1.56987309e-02 -3.06427449e-01]
 [-2.89951473e-01 -3.80098134e-01 -1.80750508e-02]
 [ 5.49938023e-01 -5.42308807e-01  7.47947842e-02]
 [-1.01997626e+00 -2.73806185e-01  4.79059517e-02]
 [-6.31283410e-03  1.65548503e-01 -6.00826889e-02]
 [ 9.31754485e-02  1.32396281e-01 -3.33611928e-02]
 [ 3.48424554e-01 -2.51481444e-01 -1.36249185e-01]]
The stress tensor components are (kB): Sxx: -1.8284204  Syy: -1.1342274  Szz: 3.573069  Sxy: 1.9543178  Syz: -0.48045588  Sxz: -0.5394467
Valence band maximum: -5.130767822265625 +- 0.01860969  eV
Conduction band minimum: -1.2398055791854858 +- 0.013623742  eV
Bandgap: 3.890962243080139 +- 0.023732191  eV
Writing DOS curve to text file...
Made the dos plot ..
Total pred_charge: 543.4071834963601
file: ../database/chains/R1000566
Predicting atomic charges, energy and DOS for the system in: ../database/chains/R1000566
at_elem [10, 18, 2, 2]
Total number of electrons inside cell: 80
Atomic charges for the C atoms (same order as in POSCAR): [4.340433, 4.3482194, 4.3166537, 3.6737354, 4.299034, 4.0602245, 4.032297, 4.0676875, 4.03114, 3.6718976]
Atomic charges for the H atoms (same order as in POSCAR): [0.8782728, 0.864491, 0.88926727, 0.87794864, 0.96386266, 0.9571235, 0.94989717, 0.8958076, 0.87623966, 0.88883543, 0.8937874, 0.88634205, 0.8607477, 0.9538565, 0.96375644, 0.96028394, 0.8228059, 0.8626919]
Atomic charges for the N atoms (same order as in POSCAR): [5.1159797, 5.118375]
Atomic charges for the O atoms (same order as in POSCAR): [6.375321, 6.343527]
Writing atomic charges to text files...
#-----------------Energy and DOS prediction-----------------#
(1, 18, 360) (1, 18, 360) (1, 18, 360) (1, 18, 360)
(1, 18, 700) (1, 18, 568) (1, 18, 700) (1, 18, 700)
Total potential energy: -186.26832580566406  eV
Atomic forces (eV/A): [[-0.11526922 -0.03857315  3.3046906 ]
 [-0.44315472  0.63577604  0.7806765 ]
 [ 0.42768443 -0.3594268   0.10966937]
 [-1.2505658   1.7195755  -0.83808863]
 [-0.05352869  0.18163621  0.34373838]
 [ 0.995667   -0.9727426   0.9478488 ]
 [-0.03595207  0.24806952 -0.8070143 ]
 [ 0.6323287  -1.5016614   0.96843314]
 [-1.1776682  -1.1430366   0.40235707]
 [ 1.2822019   2.83916     0.09822807]
 [-0.37905115  0.20064048 -0.25971052]
 [ 0.19720861 -0.77500564 -1.1505653 ]
 [-0.17737347  0.14249544  0.16700852]
 [ 0.10410517  0.14712861  0.03920164]
 [ 0.057623   -0.15188463  0.1886623 ]
 [-0.7766447  -0.57763016  0.23134288]
 [-0.69203556  0.9834356   0.6853235 ]
 [ 0.76269424 -0.5838435  -0.38653633]
 [ 0.7669052   0.7982478  -0.5789984 ]
 [-0.4096926  -0.14600284  0.35333952]
 [-0.719058    0.11466442 -0.9844756 ]
 [ 1.0537047  -0.8339184  -0.17677478]
 [ 0.2485146   0.02844412 -0.21311653]
 [ 0.17996569  0.6624296  -0.00515276]
 [-0.47941253  0.16937733 -0.5355604 ]
 [ 0.11860306  0.2702702  -0.12824005]
 [ 0.57928354 -0.2310155  -2.7988544 ]
 [ 0.28559387 -0.7805765  -0.23944084]
 [-1.3924241  -2.6705406   0.8903247 ]
 [ 0.6149124   0.2542353   0.33149105]
 [ 0.19074965 -1.0214427   0.3335506 ]
 [-1.3356111  -3.023107   -0.10650125]]
The stress tensor components are (kB): Sxx: 5.523564  Syy: 14.225561  Szz: 8.047657  Sxy: 10.605709  Syz: -2.1093678  Sxz: -0.24804556
Valence band maximum: -5.155128002166748 +- 0.065256245  eV
Conduction band minimum: -1.5249950885772705 +- 0.06296109  eV
Bandgap: 3.6301329135894775 +- 0.102440536  eV
Writing DOS curve to text file...
Made the dos plot ..
Total pred_charge: 81.18773066672162
file: ../database/chains/R1000670
Predicting atomic charges, energy and DOS for the system in: ../database/chains/R1000670
at_elem [16, 8, 0, 12]
Total number of electrons inside cell: 144
Atomic charges for the C atoms (same order as in POSCAR): [4.0285296, 4.028525, 3.7742593, 3.7742593, 3.7668653, 3.766863, 4.0217385, 4.021737, 4.026423, 4.026423, 3.7754927, 3.7754967, 3.7669563, 3.7669542, 4.022159, 4.0221567]
Atomic charges for the H atoms (same order as in POSCAR): [0.95003164, 0.95003194, 0.9475426, 0.9475429, 0.9493326, 0.94933254, 0.9475382, 0.94753796]
Atomic charges for the O atoms (same order as in POSCAR): [5.971949, 5.971948, 6.2762547, 6.276243, 6.2757, 6.275687, 5.971631, 5.971631, 6.26545, 6.2654495, 6.265032, 6.2650304]
Writing atomic charges to text files...
#-----------------Energy and DOS prediction-----------------#
(1, 16, 360) (1, 16, 360) (1, 16, 360) (1, 16, 360)
(1, 16, 700) (1, 16, 568) (1, 16, 700) (1, 16, 700)
Total potential energy: -254.28946495056152  eV
Atomic forces (eV/A): [[-1.2756847  -0.9703045   0.25470215]
 [-1.2772315  -0.96949136  0.25489733]
 [-1.2914574  -0.9850465   2.2620466 ]
 [-1.2934964  -0.98746455  2.2592897 ]
 [-0.01281855  0.8587912  -1.4370062 ]
 [-0.00691432  0.8709624  -1.4267521 ]
 [-0.24627036 -0.0821026  -1.2690668 ]
 [-0.24618632 -0.0822307  -1.2690867 ]
 [ 0.9164858   0.5639661   0.51491207]
 [ 0.91664195  0.56403255  0.51490617]
 [ 1.1724123   1.0792304   2.151975  ]
 [ 1.1726516   1.0793834   2.1515057 ]
 [ 0.01312961 -0.93886733 -1.4612232 ]
 [ 0.01446365 -0.9360992  -1.4633071 ]
 [ 0.18532804  0.09784087 -1.2062945 ]
 [ 0.18546975  0.09777217 -1.2063098 ]
 [ 0.6890865   0.24135917  0.4635628 ]
 [ 0.68953705  0.24138491  0.46391726]
 [ 0.54133856  0.91766965  0.5349961 ]
 [ 0.54131997  0.9177574   0.5350617 ]
 [-0.33891797  0.06801145  0.26443103]
 [-0.33920884  0.06787771  0.26462165]
 [-0.5524535  -0.9427667   0.54070175]
 [-0.55247134 -0.94291246  0.54080606]
 [-0.29069442 -0.07790189 -0.28926238]
 [-0.29052418 -0.07758273 -0.2890909 ]
 [-0.19617629 -0.16908671  0.39158913]
 [-0.20730123 -0.16728999  0.39701098]
 [ 0.24393319  0.19280198  0.42980212]
 [ 0.24670677  0.20562585  0.43302104]
 [ 0.3650349   0.03110402 -0.2903732 ]
 [ 0.36496228  0.03091465 -0.29029313]
 [ 0.27343994  1.3172232  -1.2263976 ]
 [ 0.28712782  1.3066128  -1.2227936 ]
 [-0.29519686 -1.308281   -1.238957  ]
 [-0.29138747 -1.310256   -1.2397685 ]]
The stress tensor components are (kB): Sxx: -0.9875928  Syy: 0.13563079  Szz: 7.485418  Sxy: -9.427016  Syz: -0.21548674  Sxz: 0.4368995
Valence band maximum: -8.057111740112305 +- 0.017719246  eV
Conduction band minimum: -3.7847139835357666 +- 0.03038806  eV
Bandgap: 4.272397756576538 +- 0.026254216  eV
Writing DOS curve to text file...
Made the dos plot ..
Total pred_charge: 145.13238908792937
file: ../database/chains/R1001194
Predicting atomic charges, energy and DOS for the system in: ../database/chains/R1001194
at_elem [16, 24, 0, 10]
Total number of electrons inside cell: 148
Atomic charges for the C atoms (same order as in POSCAR): [4.0166535, 4.1461697, 4.08659, 4.04639, 3.7671518, 4.0479245, 4.0536423, 3.74451, 4.017272, 4.1475725, 4.090103, 4.028759, 3.765637, 4.0564404, 4.0680904, 3.7587523]
Atomic charges for the H atoms (same order as in POSCAR): [0.92870355, 0.92150795, 0.9239128, 0.93257535, 0.9425156, 0.94747597, 0.9395956, 0.9479722, 0.96153027, 0.9522465, 0.92196935, 0.9333018, 0.94487035, 0.9482595, 0.9391453, 0.94764364, 0.962342, 0.9378378, 0.92059267, 0.92783344, 0.92497325, 0.9175906, 0.91849625, 0.93162286]
Atomic charges for the O atoms (same order as in POSCAR): [6.063232, 6.0851936, 6.323364, 6.0613046, 6.089915, 6.057639, 6.323785, 6.3054385, 6.330645, 6.0390244]
Writing atomic charges to text files...
#-----------------Energy and DOS prediction-----------------#
(1, 24, 360) (1, 24, 360) (1, 24, 360) (1, 24, 360)
(1, 24, 700) (1, 24, 568) (1, 24, 700) (1, 24, 700)
Total potential energy: -298.24163913726807  eV
Atomic forces (eV/A): [[ 1.00010335e+00 -2.28484809e-01 -5.62348127e-01]
 [ 1.20618439e+00  3.16135526e-01  7.07678795e-01]
 [ 5.04502118e-01 -7.17561960e-01 -1.13836968e+00]
 [-1.41139805e+00  3.93045902e-01 -1.16120555e-01]
 [ 7.21823096e-01  1.33246601e+00 -9.08248067e-01]
 [ 6.03360176e-01  1.75108111e+00 -5.34049533e-02]
 [-8.05123925e-01  2.63648331e-01  6.41423762e-02]
 [-9.86738741e-01 -6.25588238e-01  1.46965408e+00]
 [ 5.05066752e-01 -3.96167010e-01 -5.72798193e-01]
 [ 1.09199369e+00  3.28638315e-01  7.34705806e-01]
 [-2.13881880e-02 -1.50616360e+00 -7.45678961e-01]
 [-9.94038463e-01  1.01442838e+00  3.97513896e-01]
 [ 1.19516186e-01  1.19783807e+00 -9.66128632e-02]
 [ 2.56595850e-01 -1.18505105e-01  7.12334037e-01]
 [-6.45045340e-01 -2.69848496e-01 -3.64711255e-01]
 [ 2.16134176e-01 -3.43711734e-01  1.93160009e-02]
 [-4.78303313e-01 -2.11259031e+00  6.82336926e-01]
 [-1.19284987e-02  2.04113703e-02 -4.97146934e-01]
 [ 1.02416909e+00  1.65811814e-02  5.96120298e-01]
 [-2.75714755e-01 -4.28397149e-01 -4.56073523e-01]
 [-7.20429480e-01  1.63663775e-01  4.44025755e-01]
 [-2.33145833e-01  6.52683973e-02  1.19553678e-01]
 [-5.79963863e-01  2.60976672e-01 -6.73493564e-01]
 [-3.09239924e-02 -3.25871445e-02  4.55816761e-02]
 [-5.60750738e-02  5.16997576e-01  2.94139422e-03]
 [-2.05064148e-01  1.52920425e-01  9.44945455e-01]
 [-5.82174957e-02  3.28330159e-01 -6.80788279e-01]
 [ 7.91046500e-01 -5.00924349e-01  3.11066061e-01]
 [-6.02302909e-01  2.11778998e-01  3.51486802e-01]
 [-4.59628433e-01  2.45881438e-01  3.96371961e-01]
 [-8.36262882e-01  1.56511828e-01 -4.61831063e-01]
 [-4.85194921e-02 -2.89647952e-02  5.75787984e-02]
 [ 3.36042717e-02  4.19726402e-01 -2.48562470e-01]
 [-2.21128970e-01  6.87775433e-01  8.68188679e-01]
 [-8.83845687e-02  4.85918015e-01 -3.58511031e-01]
 [ 5.46966016e-01 -7.92470276e-01  1.46081090e-01]
 [ 7.11818486e-02 -6.16857857e-02  2.00092629e-01]
 [-3.46902639e-01  2.94807971e-01 -1.26359785e+00]
 [ 3.60267788e-01 -1.42119914e-01  1.52248368e-01]
 [ 2.53092676e-01  4.82000113e-01  3.60083044e-01]
 [-1.32441521e-04 -2.90917188e-01 -1.60444403e+00]
 [ 2.35220209e-01  1.47577673e-02  5.12788117e-01]
 [-2.32111141e-01 -4.55712140e-01  3.50403339e-01]
 [-5.39694607e-01 -6.92685962e-01  1.53139448e+00]
 [ 1.06055900e-01  1.83517516e-01  2.92441368e-01]
 [-1.17168701e+00 -7.42011726e-01  4.98742342e-01]
 [-6.18844688e-01 -2.09099323e-01  8.68668795e-01]
 [ 3.34869355e-01 -1.65280715e-01 -1.09267071e-01]
 [ 6.52095973e-01 -7.72798181e-01 -1.42895484e+00]
 [ 3.40754241e-01 -4.15610254e-01 -1.02223754e+00]]
The stress tensor components are (kB): Sxx: 4.7972527  Syy: -12.281386  Szz: -6.6135426  Sxy: -0.52921724  Syz: 2.8837175  Sxz: 1.6399225
Valence band maximum: -5.927871227264404 +- 0.034934253  eV
Conduction band minimum: -2.03768253326416 +- 0.03737438  eV
Bandgap: 3.890188694000244 +- 0.050552208  eV
Writing DOS curve to text file...
Made the dos plot ..
Total pred_charge: 146.9336656246809
file: ../database/chains/R1003347
Predicting atomic charges, energy and DOS for the system in: ../database/chains/R1003347
at_elem [4, 10, 2, 0]
Total number of electrons inside cell: 36
Atomic charges for the C atoms (same order as in POSCAR): [4.087283, 4.066315, 4.038384, 4.0906954]
Atomic charges for the H atoms (same order as in POSCAR): [0.89887846, 0.91098404, 0.8313029, 0.8795277, 0.8243499, 0.9051205, 0.9122496, 0.8383888, 0.8776419, 0.8522291]
Atomic charges for the N atoms (same order as in POSCAR): [5.5030785, 5.5070105]
Writing atomic charges to text files...
#-----------------Energy and DOS prediction-----------------#
(1, 10, 360) (1, 10, 360) (1, 10, 360) (1, 10, 360)
(1, 10, 700) (1, 10, 568) (1, 10, 700) (1, 10, 700)
Total potential energy: -88.74404907226562  eV
Atomic forces (eV/A): [[ 0.27464235 -1.8630246  -0.47672907]
 [ 0.93450195  2.2288578   1.1345137 ]
 [ 0.50701976  0.11200324  0.07355089]
 [ 0.19446021  0.86008215 -0.6751767 ]
 [ 0.4710076  -1.0125284  -0.594033  ]
 [-1.9475522  -0.50564    -0.6489105 ]
 [-1.0923418   0.28392005 -0.07583339]
 [ 0.03126213  0.13636363 -0.11907738]
 [ 0.24799556  0.45142442  0.12433349]
 [ 0.6713368   0.6368116   0.46884912]
 [-0.6888094  -0.58637244 -0.4417577 ]
 [-0.56144136 -0.11175968 -0.162193  ]
 [-0.01969334 -1.0832384   1.2000073 ]
 [ 0.3129908  -0.33139104  0.40021032]
 [ 0.5338514   1.1305596   0.38185766]
 [ 1.3572392   0.05949228  0.33467165]]
The stress tensor components are (kB): Sxx: -3.1813605  Syy: 9.281204  Szz: 3.8556178  Sxy: -2.7046304  Syz: 0.34631664  Sxz: -2.8841062
Valence band maximum: -4.480116844177246 +- 0.05127245  eV
Conduction band minimum: -0.8111519813537598 +- 0.015292491  eV
Bandgap: 3.6689648628234863 +- 0.05146389  eV
Writing DOS curve to text file...
Made the dos plot ..
Total pred_charge: 35.93497521643502
file: ../database/chains/R1003914
Predicting atomic charges, energy and DOS for the system in: ../database/chains/R1003914
at_elem [6, 14, 2, 0]
Total number of electrons inside cell: 48
Atomic charges for the C atoms (same order as in POSCAR): [4.0770464, 4.016925, 4.0948253, 4.0176935, 4.0849714, 4.0893564]
Atomic charges for the H atoms (same order as in POSCAR): [0.89126647, 0.90810084, 0.95881486, 0.95990264, 0.95925957, 0.90084225, 0.92064285, 0.9563925, 0.9545964, 0.96024954, 0.89719236, 0.9212128, 0.8878541, 0.89913845]
Atomic charges for the N atoms (same order as in POSCAR): [5.3623433, 5.3499312]
Writing atomic charges to text files...
#-----------------Energy and DOS prediction-----------------#
(1, 14, 360) (1, 14, 360) (1, 14, 360) (1, 14, 360)
(1, 14, 700) (1, 14, 568) (1, 14, 700) (1, 14, 700)
Total potential energy: -122.14475631713867  eV
Atomic forces (eV/A): [[-1.2279282  -0.3577981  -0.10000224]
 [ 1.2029651   0.10746039  1.0976597 ]
 [ 2.0585697   0.30789456  0.18574724]
 [-1.0636544   0.16281682  0.3238932 ]
 [-1.1240423  -0.43619937 -0.0593093 ]
 [ 0.8299516   0.13552716 -0.4628751 ]
 [-0.45744327 -0.6439842  -0.6708619 ]
 [ 0.49858436  0.04658644  0.48526078]
 [ 0.22136165  0.03368032  0.34137946]
 [ 0.28955954  0.2397755   0.0991791 ]
 [-0.6938979   0.04264748 -0.99425995]
 [-0.40113398  0.28137222 -0.6593334 ]
 [ 1.118582   -0.00411448  0.90452284]
 [-0.43274862  0.71973467 -0.4902014 ]
 [-0.851224   -1.0068665   0.48714545]
 [ 0.1807112  -0.06594858 -0.22476669]
 [-0.2164554  -0.16698553 -0.21454276]
 [-0.72952265 -0.03818128  0.48779026]
 [ 0.17578118 -0.10193373 -0.12320789]
 [ 0.44507408 -0.1275804  -0.16554093]
 [-0.8271328   0.72136384  0.28431025]
 [-0.49959424 -0.59856516  1.0555468 ]]
The stress tensor components are (kB): Sxx: -8.060803  Syy: -2.2576208  Szz: 6.0511556  Sxy: -2.6852517  Syz: -0.4750141  Sxz: -0.8732979
Valence band maximum: -4.773804187774658 +- 0.03259648  eV
Conduction band minimum: -0.872296154499054 +- 0.018436227  eV
Bandgap: 3.9015080332756042 +- 0.029998144  eV
Writing DOS curve to text file...
Made the dos plot ..
Total pred_charge: 48.032237188001346
file: ../database/chains/R1004618
Predicting atomic charges, energy and DOS for the system in: ../database/chains/R1004618
at_elem [17, 11, 1, 8]
Total number of electrons inside cell: 132
Atomic charges for the C atoms (same order as in POSCAR): [4.002832, 4.0026236, 3.9309082, 3.9629207, 3.9971204, 3.9950025, 3.7842295, 3.7785642, 4.060829, 3.961933, 4.0590267, 3.994863, 3.9885778, 3.7989054, 4.0215034, 4.0234494, 3.7675283]
Atomic charges for the H atoms (same order as in POSCAR): [0.93151206, 0.9621265, 0.9372425, 0.971948, 0.92193234, 0.9778193, 0.97289586, 0.97368675, 0.9311444, 0.9200155, 0.9680759]
Atomic charges for the N atoms (same order as in POSCAR): [5.13477]
Atomic charges for the O atoms (same order as in POSCAR): [6.0389476, 6.28373, 6.0455375, 6.280118, 6.000604, 6.259838, 6.282129, 5.9920225]
Writing atomic charges to text files...
#-----------------Energy and DOS prediction-----------------#
(1, 17, 360) (1, 17, 360) (1, 17, 360) (1, 17, 360)
(1, 17, 700) (1, 17, 568) (1, 17, 700) (1, 17, 700)
Total potential energy: -253.00204133987427  eV
Atomic forces (eV/A): [[-0.46291596  0.22073524  0.0297923 ]
 [ 0.8789226  -1.7467442  -0.89036053]
 [-1.3440263  -2.6375613  -0.0072633 ]
 [-0.47892     0.24056533  1.2741381 ]
 [ 1.8280113  -0.16150323 -0.3655775 ]
 [ 0.41395336  2.2006602   0.47021183]
 [ 0.48583058 -0.18811879 -0.38082483]
 [-0.6817542   1.0539695   1.3728589 ]
 [ 0.4794083  -0.04232161 -0.42202362]
 [ 0.9300389   0.9901035  -0.3155898 ]
 [ 0.0152864   0.03365918  0.00602958]
 [ 1.6629071  -0.79526144  0.19318463]
 [-0.7647364  -0.382052   -0.49672443]
 [ 0.6709061   0.49124908 -0.19034089]
 [ 0.7514278   0.18776666  0.24702397]
 [-0.81933993  0.7720335  -0.05147179]
 [-0.01978838 -0.16521648 -0.04295972]
 [-0.03412445 -0.04197448 -0.07001126]
 [ 0.60641086  0.08990555  0.40945336]
 [-0.38973704 -0.3967003  -0.14106372]
 [-0.09892571 -0.6055626  -0.4946784 ]
 [ 0.35013616  0.1383776  -0.00896102]
 [-0.4209007   1.2422901   0.8109278 ]
 [-1.4434018  -0.34322065  0.0512729 ]
 [-0.03073005 -0.5990039  -0.21775647]
 [ 0.2540239   0.9773929   0.35185027]
 [ 0.09490904  0.18155701  0.1007269 ]
 [-0.31660724  0.12353876 -0.08458761]
 [-0.31367177 -0.03237607  0.5221211 ]
 [ 0.20813853 -0.60563     0.05674192]
 [-0.09622324  0.31008035 -0.19382265]
 [-0.2619231   0.16039972 -0.32074925]
 [ 0.65955335 -0.2720278  -0.23510057]
 [ 0.08747239  0.09398307 -0.5040047 ]
 [-0.07235905 -0.05109638 -0.0199246 ]
 [ 0.34207702 -1.0580846  -0.24675548]
 [-0.0858293   0.21877652  0.30405313]]
The stress tensor components are (kB): Sxx: 6.8769283  Syy: -10.176135  Szz: -4.2814355  Sxy: 10.509435  Syz: -6.452395  Sxz: 4.2787695
Valence band maximum: -6.039921283721924 +- 0.032739285  eV
Conduction band minimum: -4.164618015289307 +- 0.041714765  eV
Bandgap: 1.8753032684326172 +- 0.043869544  eV
Writing DOS curve to text file...
Made the dos plot ..
Total pred_charge: 130.03767320582924
file: ../database/chains/R1005449
Predicting atomic charges, energy and DOS for the system in: ../database/chains/R1005449
at_elem [12, 4, 0, 6]
Total number of electrons inside cell: 88
Atomic charges for the C atoms (same order as in POSCAR): [3.9556537, 3.9821687, 3.8133519, 3.9476318, 3.982446, 3.8072891, 3.9498293, 3.9873054, 3.8181376, 3.9294705, 3.984057, 3.8140686]
Atomic charges for the H atoms (same order as in POSCAR): [0.9648925, 0.96623266, 0.9615555, 0.9631885]
Atomic charges for the O atoms (same order as in POSCAR): [5.9958253, 6.287, 6.290236, 6.2850437, 5.9906006, 6.2850094]
Writing atomic charges to text files...
#-----------------Energy and DOS prediction-----------------#
(1, 12, 360) (1, 12, 360) (1, 12, 360) (1, 12, 360)
(1, 12, 700) (1, 12, 568) (1, 12, 700) (1, 12, 700)
Total potential energy: -158.05572128295898  eV
Atomic forces (eV/A): [[ 1.07494903e+00  2.58584356e+00  1.51732016e+00]
 [-1.47873521e-01 -1.95226526e+00 -9.70029593e-01]
 [ 3.84365097e-02 -7.71226645e-01  1.95147321e-01]
 [ 2.78433383e-01 -1.36905849e-01  4.28033546e-02]
 [-2.55595922e-01  1.22708333e+00 -2.68036872e-01]
 [ 2.36312121e-01  9.13652718e-01  1.36274263e-01]
 [ 1.05068922e+00  2.30860162e+00  1.89762354e+00]
 [-2.61466956e+00 -3.01972103e+00 -5.30390382e-01]
 [-1.07409918e+00 -6.93435192e-01  1.16401434e-01]
 [-9.91632223e-01 -1.16045606e+00  7.91984797e-03]
 [ 2.35456014e+00  1.73626959e+00  5.86509630e-02]
 [ 7.31618106e-01  9.19410706e-01 -3.18546742e-02]
 [ 1.43125489e-01  2.89758593e-01  1.42111212e-01]
 [-8.57777447e-02 -1.92985862e-01 -2.26051062e-01]
 [ 2.04151225e+00  1.29602242e+00 -3.30689877e-01]
 [-8.36007178e-01 -7.06565380e-01  5.41888475e-02]
 [ 1.38230234e-01  2.21951306e-03 -2.56727993e-01]
 [-8.72122228e-01 -1.39274788e+00 -7.78139830e-01]
 [ 6.25987709e-01  9.58035111e-01  4.95066285e-01]
 [-2.17369244e-01 -2.23038960e+00 -1.11716211e+00]
 [-4.16679457e-02  3.35184578e-03 -6.90549672e-01]
 [ 2.58801490e-01  2.11537910e+00  8.80385339e-01]]
The stress tensor components are (kB): Sxx: -0.10390416  Syy: 10.663928  Szz: 3.7663138  Sxy: 2.6003692  Syz: -2.2274282  Sxz: -0.46657875
Valence band maximum: -6.728682994842529 +- 0.022658294  eV
Conduction band minimum: -5.293697357177734 +- 0.04230408  eV
Bandgap: 1.434985637664795 +- 0.03615629  eV
Writing DOS curve to text file...
Made the dos plot ..
Total pred_charge: 87.2499328620399
file: ../database/crystals/R1000003
Predicting atomic charges, energy and DOS for the system in: ../database/crystals/R1000003
at_elem [16, 32, 0, 0]
Total number of electrons inside cell: 96
Atomic charges for the C atoms (same order as in POSCAR): [4.0790772, 4.0200253, 4.053335, 4.159589, 4.0686455, 4.007556, 4.0589323, 4.1561794, 4.1134987, 4.012848, 4.089861, 4.149341, 4.0872297, 4.004036, 4.093312, 4.169553]
Atomic charges for the H atoms (same order as in POSCAR): [1.003267, 0.97285163, 0.96196723, 0.9436506, 0.9706656, 0.97142243, 0.9727742, 0.96304774, 0.9828892, 0.954623, 0.9727166, 0.96025366, 0.970027, 0.96923184, 0.9636636, 0.94350016, 0.96813214, 0.9431026, 0.9638648, 0.95822203, 0.9664769, 0.95969015, 0.97752225, 0.9644406, 0.9707754, 0.96178496, 0.9820583, 0.9703404, 0.9736874, 0.9666447, 0.96584785, 0.9465352]
Writing atomic charges to text files...
#-----------------Energy and DOS prediction-----------------#
(1, 32, 360) (1, 32, 360) (1, 32, 360) (1, 32, 360)
(1, 32, 700) (1, 32, 568) (1, 32, 700) (1, 32, 700)
Total potential energy: -256.732177734375  eV
Atomic forces (eV/A): [[-0.20217861 -0.6035     -0.51739156]
 [ 2.1007907  -1.196041   -0.8911228 ]
 [ 1.8272105  -5.2117305   2.199513  ]
 [ 0.895767    0.25277734 -0.54500926]
 [-4.3871694  -4.162769   -4.1182356 ]
 [-1.7940555   0.395541    2.7801642 ]
 [ 0.30969325  1.5042553  -1.4091686 ]
 [-0.40033633 -0.2975872   1.8356303 ]
 [-2.0621817   3.4080288  -0.63332736]
 [-2.0021577  -4.247407    3.3076468 ]
 [-0.29031602  0.7543865  -1.4376004 ]
 [ 2.563575    0.8810296  -0.9069913 ]
 [ 0.6974522  -1.3697459  -0.64503396]
 [-1.9882175   2.863151    1.1999403 ]
 [ 1.8379421  -2.4427142   1.7463794 ]
 [-0.77350926 -0.0511448  -1.0578636 ]
 [-2.465366    1.3479645   0.7233767 ]
 [-0.8817778   0.27500427  0.12199499]
 [-0.7769525   0.7830625  -0.85656077]
 [ 0.3370697  -0.9169481  -0.3117065 ]
 [-0.99829686 -0.05603333  0.11183707]
 [-0.17246343  1.692068   -0.10027854]
 [ 1.6720109  -1.2037678   0.62888956]
 [-1.4065039   3.010454   -1.3616917 ]
 [ 2.51944    -0.21257673  1.159017  ]
 [ 1.3203408   5.139465    1.8991102 ]
 [-0.41987735 -0.7762853  -1.1457404 ]
 [-0.5512048   0.62878644  0.20271696]
 [ 1.4125813  -1.6042944   0.46625602]
 [ 1.2246038   1.3835812   0.8920363 ]
 [ 0.27607474 -0.07989511  0.02346155]
 [-0.42818195  0.86634517 -1.4580172 ]
 [ 2.363671   -1.4944719  -1.1797339 ]
 [-0.28370604 -2.428475    0.25825778]
 [-3.6457853   0.75636685  0.21242355]
 [ 0.12008838 -0.677535    0.12257598]
 [ 0.6739874   0.4480712  -0.5096963 ]
 [-1.5628943  -1.238425    0.6641975 ]
 [-0.551352    0.9909641  -1.4775783 ]
 [-1.1728332   1.0544946  -0.19653623]
 [ 1.1667086  -0.38531756  0.26664546]
 [-0.01606533 -1.0300773   0.30809316]
 [ 0.8714795  -1.1437764  -1.1639498 ]
 [-0.37443572  0.7965677   0.3712382 ]
 [-1.208081    1.4656233  -2.0560656 ]
 [ 0.05771312  1.1847713   0.08107954]
 [-0.21616086  0.28843957 -0.19535881]
 [ 0.16691943  0.49615502  0.6974539 ]]
The stress tensor components are (kB): Sxx: 23.80523  Syy: -64.74615  Szz: 20.348335  Sxy: 47.74936  Syz: -6.283458  Sxz: -6.972961
Valence band maximum: -5.013243198394775 +- 0.26247892  eV
Conduction band minimum: -2.2318503856658936 +- 0.36091152  eV
Bandgap: 2.781392812728882 +- 0.48863724  eV
Writing DOS curve to text file...
Made the dos plot ..
Total pred_charge: 96.2534467072921
file: ../database/crystals/R1000234
Predicting atomic charges, energy and DOS for the system in: ../database/crystals/R1000234
at_elem [8, 16, 0, 4]
Total number of electrons inside cell: 72
Atomic charges for the C atoms (same order as in POSCAR): [4.1218576, 4.0045586, 4.0618954, 3.9828615, 4.123593, 4.02774, 4.0614047, 4.013858]
Atomic charges for the H atoms (same order as in POSCAR): [0.96181804, 0.9208531, 0.95224226, 0.9589232, 0.96716666, 0.96168196, 0.9587518, 0.90005726, 0.9604753, 0.8933904, 0.95592564, 0.9609652, 0.96148187, 0.96595824, 0.964785, 0.9209091]
Atomic charges for the O atoms (same order as in POSCAR): [6.090021, 6.1354747, 6.207174, 6.1612544]
Writing atomic charges to text files...
#-----------------Energy and DOS prediction-----------------#
(1, 16, 360) (1, 16, 360) (1, 16, 360) (1, 16, 360)
(1, 16, 700) (1, 16, 568) (1, 16, 700) (1, 16, 700)
Total potential energy: -156.04678916931152  eV
Atomic forces (eV/A): [[ 0.21336482  2.2149882   0.6277612 ]
 [ 1.3130999   0.5187497   0.5585154 ]
 [ 3.1149755   2.9999058  -0.12431156]
 [-0.06146327  2.49762    -0.16150445]
 [-0.5047586   1.6622776   0.6264094 ]
 [ 1.2815852   2.0208952  -2.2740173 ]
 [-0.00865954  1.4289703  -0.46693388]
 [-0.5380857   2.3553393  -0.6003034 ]
 [-0.7640904  -2.2378423   1.5744667 ]
 [ 0.25284067 -0.01945191  0.64933765]
 [ 0.70344585  0.5701478  -0.10751708]
 [ 0.2569755  -0.72325814 -0.40740007]
 [-1.2424432  -1.0271223  -0.16050725]
 [-0.3494615   0.02463758 -0.18725231]
 [ 0.03647797 -1.5053993  -0.9076847 ]
 [-0.04051246 -0.06609612  0.24345073]
 [-0.6805773  -1.5363915   1.5375973 ]
 [-0.42074957 -0.66133815 -0.76423115]
 [-2.307915    0.35673064  1.1349517 ]
 [ 1.3071308  -2.0233808  -1.0648875 ]
 [-0.7427499   0.07654565 -0.07546465]
 [ 0.3450634  -1.5303513   1.507942  ]
 [-0.26105475 -1.2983453  -0.5126778 ]
 [ 1.0865283  -0.19179457 -1.3463646 ]
 [ 3.108608   -0.2405436  -2.1934178 ]
 [ 0.58046794  0.11313085  1.0459296 ]
 [-1.3021595  -0.65098083  1.2130425 ]
 [ 0.01992244  1.5057366   1.9802244 ]]
The stress tensor components are (kB): Sxx: 17.673904  Syy: 72.46317  Szz: 63.463478  Sxy: -39.3124  Syz: 6.161732  Sxz: -42.648468
Valence band maximum: -5.619622230529785 +- 0.07507368  eV
Conduction band minimum: -1.1719231605529785 +- 0.080290124  eV
Bandgap: 4.447699069976807 +- 0.09909679  eV
Writing DOS curve to text file...
Made the dos plot ..
Total pred_charge: 71.20933276683576
file: ../database/crystals/R1000243
Predicting atomic charges, energy and DOS for the system in: ../database/crystals/R1000243
at_elem [32, 40, 8, 0]
Total number of electrons inside cell: 208
Atomic charges for the C atoms (same order as in POSCAR): [4.05604, 4.0481715, 3.9902937, 3.9799106, 4.167791, 4.1732354, 3.5365057, 3.8295, 4.073551, 4.0711007, 3.9697654, 3.9798703, 4.135722, 4.13766, 3.8295717, 3.9297311, 4.072403, 4.076475, 3.9560478, 3.9810627, 4.158433, 4.11949, 3.871617, 3.8324444, 4.082727, 4.0628886, 3.9718015, 4.0097203, 4.1216216, 4.1301546, 3.565234, 3.8203878]
Atomic charges for the H atoms (same order as in POSCAR): [0.939077, 0.9633293, 0.97107613, 0.9605984, 0.9480283, 0.96795374, 0.91081154, 0.8876041, 0.9463568, 0.9516934, 0.9627726, 0.9631774, 0.94121563, 0.9561679, 0.9468077, 0.9417428, 0.9438032, 0.9630317, 0.950351, 0.95619565, 0.92025936, 0.9712752, 0.9658195, 0.95172095, 0.9694655, 0.9567914, 0.9336242, 0.9365946, 0.9429884, 0.95782477, 0.9670538, 0.96045554, 0.9646244, 0.93990237, 0.9523959, 0.8992845, 0.938725, 0.95250237, 0.94820726, 0.95917237]
Atomic charges for the N atoms (same order as in POSCAR): [5.1496744, 5.188268, 5.138486, 5.174161, 5.1462803, 5.1744885, 5.14834, 5.1626825]
Writing atomic charges to text files...
#-----------------Energy and DOS prediction-----------------#
(1, 40, 360) (1, 40, 360) (1, 40, 360) (1, 40, 360)
(1, 40, 700) (1, 40, 568) (1, 40, 700) (1, 40, 700)
Total potential energy: -489.8074722290039  eV
Atomic forces (eV/A): [[ 3.8388472   0.6890385   1.2227925 ]
 [ 0.2571162  -4.546772    1.4366597 ]
 [-1.7775298   0.47654948  1.8773133 ]
 [-1.2404585   0.7631388   1.9451114 ]
 [-1.2600927   1.4206252   4.5505075 ]
 [ 1.1941569  -1.4631915   2.0239444 ]
 [ 3.0233977   0.16031694  2.264748  ]
 [ 1.3354125  -0.36187467 -1.8245629 ]
 [-3.451444   -0.33167595 -0.23964182]
 [ 1.3974991  -0.3815766  -0.7741692 ]
 [ 0.27555043 -0.22850196  1.494228  ]
 [ 2.9526973   2.9886875   1.1602405 ]
 [-0.60134435 -0.61464894 -0.33507094]
 [-0.42505294 -1.0996389  -0.5766311 ]
 [-1.2585244  -4.7031336   1.3516697 ]
 [-0.9829457  -0.6500483  -0.5449517 ]
 [-1.9651208  -2.9713671   0.2615962 ]
 [-0.2817942  -0.77434397 -0.68982357]
 [-0.46912998 -0.18880948  0.72018707]
 [-3.2811885  -0.32258752  2.4647408 ]
 [ 0.21214458 -0.917536    0.70509624]
 [ 0.57998145  0.7283006   2.2340188 ]
 [-2.1067407   0.4909744   0.2681442 ]
 [ 4.6954384   5.377414    2.2198257 ]
 [-1.7123817  -0.97282815  0.40804237]
 [-0.1758802   0.07060278 -0.19254592]
 [-1.0781201   0.4490093   1.022116  ]
 [ 1.2077627   2.054049    0.39798135]
 [-0.12150374 -3.574293   -0.6401914 ]
 [ 0.37258506 -0.13739933  0.40248388]
 [ 1.3367698   0.9238237  -0.4130643 ]
 [-0.194313   -0.4339674  -1.2180029 ]
 [ 1.8864366  -0.2544465  -0.41765356]
 [ 1.0551468  -0.26384723 -2.141439  ]
 [-1.4768329  -0.69943637 -0.40032503]
 [-0.7992751   2.5442944  -0.87706834]
 [-0.42272773  0.8909352  -1.0334481 ]
 [ 1.0926045   1.1669712  -0.7993296 ]
 [-0.61334217 -0.51380515 -2.2107606 ]
 [ 0.95946866  1.4497544  -0.03902944]
 [-0.362786    0.14114857  0.02835631]
 [-0.32590282 -0.5767832   0.26147324]
 [ 0.10492441 -0.53351194 -0.12631492]
 [-0.5010611  -0.2759345  -0.02765108]
 [ 3.2779112   2.3580189   1.0106711 ]
 [-0.28318784 -0.11131551 -0.03532333]
 [ 0.1122919   0.18724829 -0.07083511]
 [-0.3722012  -1.674616   -0.07650299]
 [ 1.1711516   1.2971411   1.9604604 ]
 [ 0.50372875 -0.3104057   1.6625645 ]
 [-0.31961572 -0.3351728  -0.56387925]
 [-0.11226318  1.0095631  -0.03111503]
 [ 0.5465011  -0.24145547 -0.44903177]
 [ 1.454413   -0.41882527 -2.1140332 ]
 [ 0.3232      0.4763737   0.2247595 ]
 [ 0.26936626 -0.19381355  0.21379921]
 [ 0.43749186  0.30581313 -0.6755991 ]
 [ 0.03189889  0.534784    0.01070993]
 [ 0.2781024  -0.3916137  -1.2335399 ]
 [ 0.49928278  0.6203277   0.7440569 ]
 [-1.0016826  -0.73928267  0.56775975]
 [-0.45332715 -0.1263272  -1.2998966 ]
 [ 0.4862763   0.37766638  0.07084759]
 [-0.20263177 -1.2075499  -1.0155076 ]
 [ 0.09919156  0.3378116   0.0112076 ]
 [-0.9434922  -0.5869194  -0.8881646 ]
 [-0.7806629  -0.11109544  1.8039119 ]
 [-1.0110595   0.49540728  1.4302033 ]
 [-1.346595    3.7565882  -0.16834617]
 [ 1.5184848   1.3918988  -0.33079857]
 [ 0.5249038  -0.02465262  0.72013515]
 [ 0.8531955  -1.1650158   0.51187724]
 [ 1.4361054   3.037907   -0.75352865]
 [-0.60129917 -0.7439206  -1.1976961 ]
 [ 0.11262885 -1.5161004   0.14246383]
 [-1.7008382  -1.892782    0.8434013 ]
 [ 1.0012052   2.2463076   0.02687347]
 [ 3.7103617   0.38896412  1.6298137 ]
 [ 0.73408085  0.7292678  -0.3771284 ]
 [-2.1207395  -3.1141982  -1.7920746 ]]
The stress tensor components are (kB): Sxx: 21.66787  Syy: 37.71407  Szz: 10.290112  Sxy: 2.9946704  Syz: 16.851322  Sxz: 17.093214
Valence band maximum: -4.340170383453369 +- 0.104116045  eV
Conduction band minimum: -1.5595002174377441 +- 0.121953316  eV
Bandgap: 2.780670166015625 +- 0.13650241  eV
Writing DOS curve to text file...
Made the dos plot ..
Total pred_charge: 206.38158156015035
file: ../database/crystals/R1000505
Predicting atomic charges, energy and DOS for the system in: ../database/crystals/R1000505
at_elem [32, 56, 0, 8]
Total number of electrons inside cell: 232
Atomic charges for the C atoms (same order as in POSCAR): [4.084784, 4.010901, 3.79729, 3.9727437, 4.0775337, 4.145862, 4.0, 4.1464486, 4.048032, 3.9788117, 3.7552907, 3.9869785, 4.0865197, 4.1524396, 4.0191236, 4.1525903, 4.0784917, 4.055885, 3.7558048, 4.006382, 4.0910597, 4.1614094, 4.0763087, 4.1374087, 4.1285615, 4.049062, 3.739129, 3.9876819, 4.055406, 4.132727, 4.021186, 4.1461616]
Atomic charges for the H atoms (same order as in POSCAR): [0.9467443, 0.95700705, 0.9847394, 0.9670796, 0.9470037, 0.9605504, 0.9571346, 0.9565471, 0.95189935, 0.9625727, 0.95689005, 0.96016276, 0.955269, 0.95412767, 0.96160644, 0.9684613, 0.9429567, 0.9534657, 0.9539149, 0.9574673, 0.9552418, 0.96515775, 0.95875835, 0.9618721, 0.979042, 0.9534028, 0.95075834, 0.96631855, 0.94387895, 0.9561658, 0.9567888, 0.95236194, 0.94199455, 0.9602121, 0.9756173, 0.9359983, 0.95311916, 0.9492974, 0.96451557, 0.96149683, 0.95895827, 0.9501023, 0.9438875, 0.9518803, 0.9646651, 0.9387287, 0.9601724, 0.97076684, 0.9635554, 0.9615095, 0.9477943, 0.9652955, 0.99316883, 0.9511279, 0.9510298, 0.95858145]
Atomic charges for the O atoms (same order as in POSCAR): [6.1262465, 6.1833262, 6.1014557, 6.205234, 6.0324287, 6.2679296, 6.012022, 6.2878838]
Writing atomic charges to text files...
#-----------------Energy and DOS prediction-----------------#
(1, 56, 360) (1, 56, 360) (1, 56, 360) (1, 56, 360)
(1, 56, 700) (1, 56, 568) (1, 56, 700) (1, 56, 700)
Total potential energy: -538.8394317626953  eV
Atomic forces (eV/A): [[ 1.80264783e+00  4.91710484e-01 -1.06529367e+00]
 [-4.28226519e+00  3.02419424e+00 -3.62635279e+00]
 [-8.04105163e-01  5.30992889e+00 -6.26888096e-01]
 [-2.04514194e+00  1.31083441e+00  4.82476234e+00]
 [-1.26258862e+00  1.03620923e+00  1.63800359e+00]
 [-2.59519506e+00 -5.78995764e-01  1.10656071e+00]
 [-1.05367529e+00  5.82473576e-01 -6.38110590e+00]
 [-1.74708009e+00  1.36172140e+00  1.04307330e+00]
 [-3.12723422e+00  2.10171008e+00 -1.43222952e+00]
 [ 4.15311861e+00 -1.29583800e+00 -6.09617329e+00]
 [-5.09593248e+00 -5.02780342e+00 -1.90431333e+00]
 [-3.33448291e-01  2.09181142e+00  2.54158115e+00]
 [ 1.38026464e+00  1.14737689e+00 -1.56136560e+00]
 [ 1.66648614e+00 -5.49972951e-01 -4.47155625e-01]
 [-1.27395165e+00 -2.10190201e+00 -4.38395262e-01]
 [-1.76674142e-01  6.51670516e-01 -5.48970044e-01]
 [-2.67883611e+00  2.18565750e+00  3.03256989e+00]
 [-1.50126421e+00  1.91366673e-02  1.41638374e+00]
 [-2.73396087e+00  2.42508054e+00 -1.39409757e+00]
 [ 3.20610976e+00 -1.69816375e+00  1.12826645e+00]
 [-9.15988207e-01 -2.67471695e+00 -4.60277647e-01]
 [ 2.02635193e+00  6.71765149e-01  4.39778709e+00]
 [-8.47603142e-01 -1.02530575e+00 -1.26056480e+00]
 [-1.80959046e+00  3.06447577e+00 -7.61939645e-01]
 [-2.67847943e+00 -3.54598141e+00 -1.68510890e+00]
 [-9.38921571e-01 -1.91851068e+00 -5.93112051e-01]
 [ 1.59724534e+00 -4.99439001e-01 -2.25191164e+00]
 [ 7.47097552e-01  5.74665904e-01  2.87174940e+00]
 [-3.18139195e-02 -1.15607893e+00  2.06383109e+00]
 [-7.59090781e-01  7.39737570e-01  1.96894753e+00]
 [-2.25233674e+00 -2.02865839e-01 -1.87906241e+00]
 [ 7.97708869e-01 -7.89219141e-01  1.96135640e+00]
 [ 3.87988240e-01  3.02909315e-01  2.16075823e-01]
 [ 7.35866576e-02  9.10307050e-01  2.80030996e-01]
 [-6.48545146e-01 -1.70629013e+00  1.82397580e+00]
 [-9.96913791e-01 -7.75429308e-01 -5.55887911e-03]
 [ 1.20730412e+00 -7.85239816e-01 -1.46948636e+00]
 [-3.45850796e-01 -1.26310790e+00  3.38004798e-01]
 [-3.57729226e-01 -1.53746212e+00  9.71477389e-01]
 [-8.70166183e-01  5.38614690e-01  1.33592859e-01]
 [ 1.90276876e-02 -1.21469259e+00  5.92786610e-01]
 [-4.82166678e-01  3.71784091e-01 -2.01894522e+00]
 [ 1.26266509e-01 -2.49524817e-01 -3.42458159e-01]
 [ 1.06186762e-01 -4.01275754e-01 -6.09311581e-01]
 [ 4.48436439e-01 -2.06245852e+00 -5.72945513e-02]
 [ 1.31277072e+00 -1.53311580e-01 -6.44758046e-01]
 [-3.04372981e-04  5.44448137e-01  3.26116890e-01]
 [ 1.95784235e+00 -7.00819850e-01  7.58116782e-01]
 [-3.24453324e-01  1.87917307e-01  1.61382103e+00]
 [ 9.27464366e-02 -8.17371070e-01 -2.09571767e+00]
 [ 5.88804960e-01  2.90856093e-01 -2.43041828e-01]
 [-1.06740069e+00 -1.28961563e+00  2.52726030e+00]
 [-5.29105514e-02  1.04993105e-01 -9.07023996e-02]
 [ 1.53295732e+00  1.84364223e+00  1.55156314e-01]
 [ 7.68693835e-02  2.97730029e-01 -5.41006848e-02]
 [-1.38439059e+00  8.34951997e-01 -8.04902554e-01]
 [ 1.62013817e+00  2.46615934e+00  5.64874709e-01]
 [-6.13358617e-01 -4.19411331e-01  3.11688662e-01]
 [ 4.68989283e-01 -1.07658184e+00  3.58826339e-01]
 [-7.76729643e-01 -2.51729190e-01 -1.35167325e+00]
 [-1.13047504e+00  6.31817877e-01 -6.95054770e-01]
 [ 6.95325494e-01  3.42673242e-01  1.22563362e+00]
 [ 6.40163600e-01 -1.86749566e-02 -6.76781014e-02]
 [ 2.86374427e-02  6.76546156e-01  9.62413371e-01]
 [ 5.58151066e-01 -1.60131872e+00 -1.69599444e-01]
 [ 9.32428002e-01  1.20227754e-01  3.73374969e-01]
 [ 1.88013184e+00  1.65343928e+00 -1.37205434e+00]
 [ 9.23225462e-01 -2.21847773e+00 -1.48693705e+00]
 [ 1.64778006e+00  1.67948711e+00 -1.83285499e+00]
 [-6.62204742e-01 -2.85584331e-01  4.02515322e-01]
 [ 1.01075798e-01  2.41823688e-01  1.43966302e-01]
 [ 7.97288567e-02 -1.72235489e-01 -7.52910852e-01]
 [-1.99646091e+00 -1.36382222e+00 -4.68390360e-02]
 [-2.13273853e-01 -4.45549756e-01 -1.95732713e-01]
 [ 4.07730579e+00  2.09673452e+00  2.19237423e+00]
 [-1.44682860e+00  4.82716441e-01 -9.65991914e-01]
 [ 5.84995747e-02  1.02572715e+00 -3.23622257e-01]
 [-1.98714173e+00  6.71138287e-01 -2.89792866e-01]
 [-4.35738951e-01  9.55411017e-01 -4.16563302e-01]
 [ 3.29979420e-01 -4.22214001e-01 -4.26136345e-01]
 [ 1.62664965e-01 -1.19182132e-01 -1.95143700e-01]
 [ 1.22611240e-01  6.86686277e-01 -3.13371718e-01]
 [ 1.06569421e+00 -1.28723347e+00 -1.87712896e+00]
 [-9.52857852e-01 -1.11712182e+00  1.23148584e+00]
 [ 3.24851847e+00  1.17133200e+00  1.77238417e+00]
 [ 1.10709751e+00  5.89621007e-01 -1.64469123e+00]
 [-3.36742193e-01 -1.96973538e+00 -8.16109300e-01]
 [-1.48397183e+00  1.63509712e-01 -2.60036945e-01]
 [-2.77459890e-01  1.54953671e+00  3.52313280e-01]
 [ 5.21957302e+00 -3.57052040e+00  3.70301437e+00]
 [-3.70233119e-01 -1.03220272e+00  9.85228896e-01]
 [-3.97040510e+00  1.85744596e+00  3.60812330e+00]
 [ 1.71878934e-01  1.35232854e+00 -1.16678929e+00]
 [ 9.69630241e-01  4.77707237e-01  3.38104159e-01]
 [ 2.31577978e-02 -5.63725948e-01  6.76364303e-02]
 [-1.01971793e+00 -6.91165447e-01 -7.77644873e-01]]
The stress tensor components are (kB): Sxx: 45.454453  Syy: 10.510528  Szz: 48.37396  Sxy: -33.411255  Syz: -8.584062  Sxz: -10.719573
Valence band maximum: -5.482004165649414 +- 0.11485341  eV
Conduction band minimum: -1.8068933486938477 +- 0.09518484  eV
Bandgap: 3.6751108169555664 +- 0.146703  eV
Writing DOS curve to text file...
Made the dos plot ..
Total pred_charge: 231.43893234456135
file: ../database/crystals/R1002525
Predicting atomic charges, energy and DOS for the system in: ../database/crystals/R1002525
at_elem [48, 48, 8, 8]
Total number of electrons inside cell: 328
Atomic charges for the C atoms (same order as in POSCAR): [3.754233, 3.9835677, 4.0236645, 4.013096, 3.9499714, 3.6714742, 4.088865, 4.0629106, 4.108419, 4.1102185, 4.0129623, 4.0105624, 3.6677616, 3.969891, 4.018087, 4.0341525, 3.9732118, 3.6567228, 4.0389996, 4.090863, 4.1686177, 4.127205, 4.013993, 4.0055346, 3.7448764, 3.9828372, 4.0123253, 4.014103, 3.9767165, 3.6811955, 4.018159, 4.1432085, 4.1202054, 4.1426983, 4.0337653, 4.0119405, 3.643066, 3.984952, 4.0161085, 4.0216427, 3.985734, 3.6583931, 4.120746, 4.0403724, 4.131828, 4.0226083, 4.020757, 4.027262]
Atomic charges for the H atoms (same order as in POSCAR): [0.95889807, 0.9554847, 0.9061485, 0.8970239, 0.9314637, 0.88895106, 0.9054572, 0.9351349, 0.8867849, 0.90458405, 0.9508195, 0.9612878, 0.9644034, 0.9582906, 0.912823, 0.8922837, 0.9306176, 0.920897, 0.90927947, 0.90177906, 0.8955925, 0.9073654, 0.95190334, 0.9591723, 0.9487449, 0.95775324, 0.9331085, 0.9111518, 0.87623906, 0.9135628, 0.87534153, 0.90070933, 0.9197164, 0.91553175, 0.9569, 0.96842486, 0.9496392, 0.96136856, 0.87137043, 0.9217906, 0.8994485, 0.9302151, 0.8627455, 0.9225439, 0.92787015, 0.93555784, 0.9682784, 0.9737022]
Atomic charges for the N atoms (same order as in POSCAR): [5.2742286, 5.34377, 5.249263, 5.2660294, 5.2321386, 5.2551527, 5.3029366, 5.255919]
Atomic charges for the O atoms (same order as in POSCAR): [6.289189, 6.2777777, 6.2539573, 6.3050065, 6.2621517, 6.2596035, 6.2891083, 6.2743855]
Writing atomic charges to text files...
#-----------------Energy and DOS prediction-----------------#
(1, 48, 360) (1, 48, 360) (1, 48, 360) (1, 48, 360)
(1, 48, 700) (1, 48, 568) (1, 48, 700) (1, 48, 700)
Total potential energy: -716.4548492431641  eV
Atomic forces (eV/A): [[ 5.76665461e-01  2.74923861e-01  1.27250418e-01]
 [ 2.18811679e+00 -2.99931264e+00 -7.50220537e-01]
 [-2.57679248e+00  7.63398051e-01  1.31118476e+00]
 [ 7.65778244e-01  2.60303617e-01 -3.90167642e+00]
 [ 2.30348945e+00 -2.24481273e+00  2.23412895e+00]
 [ 6.39546096e-01  4.30262899e+00  3.50106764e+00]
 [ 4.65313435e+00 -2.03449130e+00 -2.56520653e+00]
 [-2.78747225e+00  1.38907552e+00 -2.53031397e+00]
 [-2.00702071e-01 -2.31253147e-01  1.87076724e+00]
 [-1.49937725e+00  4.01259065e-01 -1.66419375e+00]
 [-4.05185747e+00  3.01292515e+00 -1.39304125e+00]
 [-2.27606821e+00  1.17682481e+00  1.17213655e+00]
 [-1.10908866e-01 -3.71808976e-01 -3.62451673e-01]
 [-1.02703667e+00  5.02515197e-01 -1.47047997e+00]
 [-3.00713682e+00  1.18170118e+00  2.10062861e+00]
 [ 5.28041649e+00 -1.26772451e+00 -2.18017530e+00]
 [-1.34418368e+00  6.67021871e-01  1.08892135e-02]
 [-6.97745025e-01 -2.26887846e+00  2.34769535e+00]
 [-2.06223607e+00  4.31917858e+00  2.37506032e+00]
 [ 2.07593274e+00 -1.07326046e-01 -3.33253622e-01]
 [-4.96988267e-01  3.36042476e+00  1.64005589e+00]
 [ 1.38220048e+00 -6.79624736e-01 -9.07504618e-01]
 [ 1.91463399e+00 -7.28754401e-01 -1.20897222e+00]
 [ 3.29864931e+00 -1.67826009e+00  2.12735486e+00]
 [-1.04639995e+00  8.55920196e-01  1.13930866e-01]
 [ 9.55162644e-01  6.26627207e-02  8.21181118e-01]
 [ 6.91133618e-01  5.21199822e-01  1.29481363e+00]
 [ 3.02851963e+00  2.94428921e+00 -4.00938702e+00]
 [-4.43014288e+00 -2.09190726e-01  8.51735950e-01]
 [-2.21502304e+00  9.98831987e-02 -3.62812090e+00]
 [ 3.11703348e+00  3.30314875e-01  1.37063161e-01]
 [-3.49059522e-01 -1.10122836e+00 -2.32348776e+00]
 [ 1.95170677e+00 -8.74941111e-01  1.94038880e+00]
 [ 9.45309281e-01  8.73535931e-01 -2.63091707e+00]
 [ 2.94027996e+00  8.20141971e-01  7.33099520e-01]
 [-1.11206365e+00 -6.10903561e-01 -2.51814342e+00]
 [ 7.18960583e-01  9.35279876e-02 -1.93995881e+00]
 [-1.12840211e+00 -6.63831085e-02  4.27126326e-02]
 [ 1.74333847e+00  1.14237881e+00  7.70382822e-01]
 [ 2.21970320e+00 -3.80425304e-01 -2.55246019e+00]
 [ 6.48153961e-01  1.01262823e-01 -4.91102666e-01]
 [-1.00827706e+00  1.22182453e+00 -5.67943633e-01]
 [-2.70697069e+00 -7.88155615e-01 -9.73992705e-01]
 [-1.10274231e+00 -2.43269414e-01  1.62071145e+00]
 [ 8.30433726e-01 -1.17396426e+00 -1.12209201e+00]
 [ 3.52355409e+00 -4.18662643e+00 -2.58006811e+00]
 [-1.13388047e-01 -1.63683325e-01  8.51641372e-02]
 [ 7.14532435e-01 -4.02688205e-01  1.56467810e-01]
 [ 1.11546481e+00 -2.10326135e-01 -2.61354595e-01]
 [-9.05258060e-01  3.02724034e-01 -6.04609251e-01]
 [-3.13588715e+00  1.60053957e+00 -7.16988742e-01]
 [-3.76767337e-01 -1.50853801e+00  7.48938173e-02]
 [ 2.22880292e+00 -5.81599474e-01  1.28005326e+00]
 [-7.92546034e-01 -3.81552577e-01  1.96363330e+00]
 [-1.58122456e+00  2.62341350e-01 -1.15278468e-01]
 [ 3.19893241e-01 -6.76800132e-01  9.63646829e-01]
 [-3.55170220e-02 -2.26099133e-01  1.30425107e+00]
 [ 1.10393333e+00  6.87141716e-03 -1.24600947e-01]
 [-8.40183645e-02  9.68386009e-02  1.58125207e-01]
 [-6.69959724e-01  6.92958713e-01  3.22923094e-01]
 [ 1.71879244e+00 -3.35246265e-01  8.80063713e-01]
 [-2.18568802e+00  7.75682867e-01  6.27240002e-01]
 [ 2.30310297e+00 -2.10167766e+00 -1.84701073e+00]
 [-1.00629665e-01 -1.13276601e+00 -4.40733194e-01]
 [-4.33413327e-01 -1.11029908e-01  4.89626199e-01]
 [-6.27711236e-01  2.62367696e-01  5.68932407e-02]
 [ 9.41040158e-01 -4.18623313e-02 -1.62691414e-01]
 [ 7.19913483e-01 -2.33828640e+00 -2.57218122e-01]
 [-8.64383876e-01  4.04693186e-01  1.25425684e+00]
 [-7.29105830e-01 -4.29261178e-02 -3.67377222e-01]
 [ 1.02838837e-01 -4.79853824e-02 -3.20330597e-02]
 [-1.03802121e+00  1.22623861e+00  9.54513907e-01]
 [-1.73263943e+00 -5.76828718e-01  1.32770491e+00]
 [-1.23152399e+00 -6.81207001e-01 -9.93085563e-01]
 [-3.88626361e+00 -2.83771515e-01  3.33110601e-01]
 [-2.34044939e-01  4.42186266e-01  6.47624657e-02]
 [-7.99134016e-01 -4.25237864e-01  4.72058564e-01]
 [ 1.20458734e+00 -9.42380130e-01  1.69992268e+00]
 [-1.82242489e+00 -7.99271047e-01  2.22347081e-01]
 [-8.61727715e-01  1.46049929e+00  4.00639951e-01]
 [-1.98781347e+00 -2.95654148e-01  1.76164091e+00]
 [ 6.45301759e-01 -1.50399357e-01  6.90769911e-01]
 [-2.92300057e+00 -8.82427156e-01  1.80335653e+00]
 [ 8.06979716e-01  3.42604935e-01  7.39557505e-01]
 [-3.25635463e-01 -3.24342251e-01 -3.34272444e-01]
 [-1.60011530e+00 -9.38112959e-02  1.23507917e+00]
 [ 1.68069637e+00  2.06268765e-03  5.11969984e-01]
 [ 1.77910358e-01  1.15658271e+00 -8.50917697e-02]
 [-1.84941971e+00 -7.24975765e-01 -3.36580426e-01]
 [ 2.86494422e+00  4.48013872e-01 -1.77019536e+00]
 [ 2.94947654e-01  1.14555573e+00  1.99375108e-01]
 [-7.34779537e-01 -3.53412628e-02 -6.25088334e-01]
 [-2.46688664e-01  4.87308949e-01 -7.58450389e-01]
 [-1.31263435e+00  7.48318017e-01  3.00904942e+00]
 [-3.36755872e-01 -3.28607857e-02 -5.53198874e-01]
 [ 3.93994331e-01 -1.01718456e-02 -6.42402470e-01]
 [-5.79141438e-01 -9.75733399e-01 -1.59661877e+00]
 [-1.20883238e+00 -1.81762969e+00  6.67887807e-01]
 [ 1.08797288e+00  1.25167918e+00 -5.92143714e-01]
 [-5.83015800e-01 -1.83307731e+00  1.42752349e-01]
 [-1.88487530e-01  4.82112789e+00 -9.68828678e-01]
 [ 1.38712299e+00  6.35599136e-01  2.33282375e+00]
 [-1.92723179e+00  6.14879227e+00  3.23910356e-01]
 [ 1.36868751e+00 -2.74924874e+00  4.63173926e-01]
 [ 2.30413973e-02 -5.85481942e-01 -5.64391315e-01]
 [-2.45580614e-01 -1.94319510e+00  8.30558717e-01]
 [-3.92903805e-01  7.79568732e-01 -1.06009901e+00]
 [ 3.29490721e-01 -4.62854505e-01 -3.36265594e-01]
 [ 1.87675524e+00 -3.05686522e+00 -3.91826034e-03]
 [-5.05478978e-01 -1.94783956e-01  1.77623010e+00]
 [-5.52699089e-01  1.42940545e+00  2.22005099e-01]
 [ 4.96228486e-01 -1.68956673e+00  1.07976162e+00]]
The stress tensor components are (kB): Sxx: 19.248821  Syy: 27.703627  Szz: -37.377098  Sxy: -18.059565  Syz: 2.104649  Sxz: -16.703852
Valence band maximum: -5.127347946166992 +- 0.054993004  eV
Conduction band minimum: -1.7049728631973267 +- 0.05805735  eV
Bandgap: 3.4223750829696655 +- 0.07143404  eV
Writing DOS curve to text file...
Made the dos plot ..
Total pred_charge: 329.56834069296485
file: ../database/crystals/R1003568
Predicting atomic charges, energy and DOS for the system in: ../database/crystals/R1003568
at_elem [40, 64, 0, 0]
Total number of electrons inside cell: 224
Atomic charges for the C atoms (same order as in POSCAR): [4.076079, 4.074969, 4.02241, 4.0405736, 4.006536, 4.040923, 4.0634108, 4.101162, 4.073638, 4.038005, 4.0760784, 4.0749655, 4.022408, 4.040573, 4.006537, 4.040894, 4.063408, 4.101164, 4.073799, 4.0380373, 4.076078, 4.0749707, 4.022405, 4.040576, 4.0065365, 4.04092, 4.063408, 4.1011634, 4.073866, 4.0380096, 4.076076, 4.074973, 4.0224056, 4.040574, 4.0065365, 4.0408754, 4.063409, 4.101164, 4.072142, 4.0380254]
Atomic charges for the H atoms (same order as in POSCAR): [0.9649416, 0.9573519, 0.96447253, 0.9533229, 0.9593303, 0.9668387, 0.9668131, 0.957657, 0.9703411, 0.97250926, 0.96701396, 0.9933146, 0.97069275, 0.9859611, 0.9620142, 0.97745377, 0.9668134, 0.9576279, 0.970342, 0.9723017, 0.96701425, 0.99331594, 0.9706923, 0.98595804, 0.96219873, 0.97745407, 0.9649732, 0.95730704, 0.9645153, 0.95671564, 0.9631931, 0.96669143, 0.9649426, 0.9573072, 0.9644742, 0.9567156, 0.9631351, 0.96683896, 0.96681345, 0.95763445, 0.9703415, 0.9723002, 0.96701455, 0.9933143, 0.97069263, 0.98596066, 0.96201575, 0.9774532, 0.9668131, 0.95765007, 0.9703407, 0.9723482, 0.96701455, 0.9933142, 0.97069275, 0.98595846, 0.9621991, 0.9774541, 0.9649747, 0.9573514, 0.9645145, 0.9533215, 0.95731544, 0.9666914]
Writing atomic charges to text files...
#-----------------Energy and DOS prediction-----------------#
(1, 64, 360) (1, 64, 360) (1, 64, 360) (1, 64, 360)
(1, 64, 700) (1, 64, 568) (1, 64, 700) (1, 64, 700)
Total potential energy: -585.7053337097168  eV
Atomic forces (eV/A): [[ 1.386641    0.38223052 -0.7900776 ]
 [-2.3662028   0.90656394 -0.07551472]
 [-0.8642051  -2.0200922  -0.8590826 ]
 [-0.31900063  2.3737555   1.8721489 ]
 [-0.41765678 -1.7254922  -0.3417117 ]
 [ 0.12120807  1.6676378   1.0290824 ]
 [ 0.00941223  0.16439769 -1.2316614 ]
 [ 1.3807825   1.5751933  -1.4906636 ]
 [ 0.7414636  -0.46365625 -0.88191855]
 [-1.248749    3.9923363   2.73939   ]
 [-1.3867162  -0.38194808 -0.78987813]
 [ 2.366164   -0.906054   -0.07558767]
 [ 0.8638516   2.0195642  -0.8585334 ]
 [ 0.31925917 -2.3737597   1.8723388 ]
 [ 0.4175266   1.7254992  -0.34192455]
 [-0.14663929 -1.6537954   1.0278631 ]
 [-0.00948757 -0.16443679 -1.2317176 ]
 [-1.381168   -1.5748115  -1.4914417 ]
 [-0.7152766   0.47490165 -0.8840168 ]
 [ 1.2685337  -3.9718919   2.7541192 ]
 [ 1.3865143   0.38178432 -0.78971004]
 [-2.3656764   0.9069598  -0.07658271]
 [-0.8637579  -2.0194542  -0.8583976 ]
 [-0.31900302  2.3735828   1.872226  ]
 [-0.41755506 -1.7254539  -0.3415392 ]
 [ 0.12194842  1.6665281   1.0293415 ]
 [ 0.00968385  0.1645548  -1.231757  ]
 [ 1.3815364   1.5747565  -1.491152  ]
 [ 0.7273437  -0.4782321  -0.9002711 ]
 [-1.2515682   3.9900205   2.740865  ]
 [-1.3864765  -0.38172138 -0.78980136]
 [ 2.3659086  -0.9069884  -0.07625958]
 [ 0.8637209   2.019566   -0.85849404]
 [ 0.31902578 -2.3735683   1.8723035 ]
 [ 0.41757926  1.7255424  -0.34169793]
 [-0.15424371 -1.6373808   1.0434669 ]
 [-0.00953633 -0.16455913 -1.2316248 ]
 [-1.380924   -1.5749445  -1.4914656 ]
 [-0.4436364   0.59275633 -0.3369339 ]
 [ 1.2578595  -3.9803636   2.7501762 ]
 [-0.8640713   0.66974586 -1.5519646 ]
 [-1.0909432  -0.36239442  0.75711465]
 [-0.14461862  0.21462968  0.08526903]
 [ 0.8418112  -0.9603908   0.13423257]
 [ 1.2298712   1.216969    1.37863   ]
 [ 0.34042588 -1.196534   -1.2134573 ]
 [ 0.22442281 -0.14299183  0.46396652]
 [ 0.45832112 -0.06166106  0.7705141 ]
 [ 0.46788332 -1.8601627  -0.61459893]
 [ 0.94403297  0.03561511  0.40846717]
 [-1.9013002   0.69733024  0.10015288]
 [-0.29964408 -2.9077775  -0.73990196]
 [-0.10879968 -0.29399002 -0.18716386]
 [ 1.4578582  -2.1473517  -2.1534097 ]
 [ 0.63286906 -0.55213     0.13243963]
 [ 0.30565354 -2.45688    -0.66213953]
 [-0.22438641  0.14298502  0.46384376]
 [-0.45797062  0.06077717  0.77071863]
 [-0.46769926  1.859536   -0.6145298 ]
 [-0.9311647  -0.03854817  0.43260282]
 [ 1.9013177  -0.69661665  0.09986894]
 [ 0.2996316   2.907867   -0.73991615]
 [ 0.11008145  0.29428363 -0.18784878]
 [-1.4581549   2.1463962  -2.1515439 ]
 [-0.63044405  0.56578773  0.1207031 ]
 [-0.3056565   2.456885   -0.66213655]
 [ 0.8621004  -0.6674593  -1.5504034 ]
 [ 1.0917797   0.36602753  0.7597242 ]
 [ 0.13908537 -0.21174943  0.07993267]
 [-0.85316145  0.96917766  0.05575681]
 [-1.1608437  -1.1734443   1.3971381 ]
 [-0.3443865   1.2037784  -1.2188966 ]
 [-0.86385465  0.66873616 -1.5501583 ]
 [-1.0916809  -0.36625135  0.75970197]
 [-0.14453882  0.21528502  0.0850803 ]
 [ 0.8531482  -0.9691802   0.05574458]
 [ 1.1629068   1.1728308   1.3980727 ]
 [ 0.34328482 -1.1977552  -1.2128283 ]
 [ 0.22441712 -0.1430071   0.46388146]
 [ 0.45807374 -0.06097796  0.77127826]
 [ 0.46778452 -1.8598646  -0.61458874]
 [ 0.93100256  0.03848547  0.43252745]
 [-1.900942    0.6971246   0.10003005]
 [-0.29961476 -2.907767   -0.739918  ]
 [-0.11083515 -0.29429322 -0.18804255]
 [ 1.4572464  -2.1447878  -2.1513448 ]
 [ 0.6324069  -0.55159634  0.13247845]
 [ 0.30569327 -2.4567382  -0.6621167 ]
 [-0.22450751  0.14296466  0.46406892]
 [-0.45949605  0.06263612  0.7721006 ]
 [-0.46796438  1.8600292  -0.6145996 ]
 [-0.93386936 -0.03682292  0.4258721 ]
 [ 1.9018407  -0.69550323  0.09943815]
 [ 0.29963848  2.907783   -0.7399002 ]
 [ 0.10760149  0.29372182 -0.1865775 ]
 [-1.4587529   2.1490178  -2.1536179 ]
 [-0.6304555   0.56578463  0.12070605]
 [-0.30559936  2.4569252  -0.6620998 ]
 [ 0.86192524 -0.6664174  -1.5485196 ]
 [ 1.09138     0.36254835  0.7574607 ]
 [ 0.13933542 -0.21126436  0.0801854 ]
 [-0.84227103  0.96044207  0.13448973]
 [-1.257295   -1.2491039   1.3515134 ]
 [-0.34370512  1.2034689  -1.2190688 ]]
The stress tensor components are (kB): Sxx: 2.4319675  Syy: -86.458626  Szz: -71.457344  Sxy: 31.450726  Syz: 0.2964339  Sxz: -0.009325642
Valence band maximum: -5.891298770904541 +- 0.042160414  eV
Conduction band minimum: -1.223185420036316 +- 0.037082087  eV
Bandgap: 4.668113350868225 +- 0.06349109  eV
Writing DOS curve to text file...
Made the dos plot ..
Total pred_charge: 223.58721089463222
====================Total Time taken for training: 9.5367431640625e-07
====================Total Time taken for inference: 246.9532127380371
====================Total Time taken for ML_DFT: 246.95321369171143
