../database/molecules/ethyne
elem_list ['C', 'H']
total_elec 10
at_elem [2, 2, 0, 0]
../database/chains/R1000125
elem_list ['C', 'H']
total_elec 544
at_elem [96, 160, 0, 0]
../database/chains/R1000670
elem_list ['C', 'H', 'O']
total_elec 144
at_elem [16, 8, 0, 12]
../database/chains/R1003347
elem_list ['C', 'H', 'N']
total_elec 36
at_elem [4, 10, 2, 0]
../database/chains/R1004618
elem_list ['C', 'H', 'N', 'O']
total_elec 132
at_elem [17, 11, 1, 8]
../database/chains/R1005449
elem_list ['C', 'H', 'O']
total_elec 88
at_elem [12, 4, 0, 6]
../database/crystals/R1000003
elem_list ['C', 'H']
total_elec 96
at_elem [16, 32, 0, 0]
../database/crystals/R1000505
elem_list ['C', 'H', 'O']
total_elec 232
at_elem [32, 56, 0, 8]
../database/crystals/R1000234
elem_list ['C', 'H', 'O']
total_elec 72
at_elem [8, 16, 0, 4]
../database/molecules/cyclopenta-1-2-diene
elem_list ['C', 'H']
total_elec 26
at_elem [5, 6, 0, 0]
../database/chains/R1000043
elem_list ['C', 'H']
total_elec 256
at_elem [44, 80, 0, 0]
../database/chains/R1001194
elem_list ['C', 'H', 'O']
total_elec 148
at_elem [16, 24, 0, 10]
../database/chains/R1003914
elem_list ['C', 'H', 'N']
total_elec 48
at_elem [6, 14, 2, 0]
../database/crystals/R1003568
elem_list ['C', 'H']
total_elec 224
at_elem [40, 64, 0, 0]
Train on 9 samples, validate on 5 samples
Epoch 1/50

9/9 [==============================] - 2s 172ms/step - loss: 50.2862 - Energy_loss: 3.9724e-05 - lambda_38_loss: 2.6639 - lambda_39_loss: 0.4500 - lambda_40_loss: 0.2845 - lambda_41_loss: 0.7163 - Press_loss: 91.0021 - val_loss: 51.3557 - val_Energy_loss: 5.7208e-05 - val_lambda_38_loss: 2.2188 - val_lambda_39_loss: 0.3140 - val_lambda_40_loss: 1.4542 - val_lambda_41_loss: 0.2245 - val_Press_loss: 91.8364

Epoch 00001: val_loss improved from inf to 51.35574, saving model to newEmodel.hdf5
Epoch 2/50

9/9 [==============================] - 0s 9ms/step - loss: 32.9164 - Energy_loss: 5.0544e-05 - lambda_38_loss: 2.1326 - lambda_39_loss: 0.4397 - lambda_40_loss: 0.0293 - lambda_41_loss: 0.2474 - Press_loss: 43.7611 - val_loss: 54.6838 - val_Energy_loss: 1.2162e-04 - val_lambda_38_loss: 2.3108 - val_lambda_39_loss: 0.3166 - val_lambda_40_loss: 1.4826 - val_lambda_41_loss: 0.3094 - val_Press_loss: 103.6865

Epoch 00002: val_loss did not improve from 51.35574
Epoch 3/50

9/9 [==============================] - 0s 10ms/step - loss: 29.4006 - Energy_loss: 1.5400e-04 - lambda_38_loss: 1.7491 - lambda_39_loss: 0.4325 - lambda_40_loss: 0.1298 - lambda_41_loss: 0.1759 - Press_loss: 43.7377 - val_loss: 57.1099 - val_Energy_loss: 3.7241e-05 - val_lambda_38_loss: 2.3637 - val_lambda_39_loss: 0.3164 - val_lambda_40_loss: 1.4534 - val_lambda_41_loss: 0.3414 - val_Press_loss: 123.2406

Epoch 00003: val_loss did not improve from 51.35574
Epoch 4/50

9/9 [==============================] - 0s 8ms/step - loss: 24.7948 - Energy_loss: 3.8170e-05 - lambda_38_loss: 1.5331 - lambda_39_loss: 0.4150 - lambda_40_loss: 0.1138 - lambda_41_loss: 0.1483 - Press_loss: 26.5457 - val_loss: 55.8034 - val_Energy_loss: 9.9461e-05 - val_lambda_38_loss: 2.3715 - val_lambda_39_loss: 0.3176 - val_lambda_40_loss: 1.4187 - val_lambda_41_loss: 0.3196 - val_Press_loss: 114.3056

Epoch 00004: val_loss did not improve from 51.35574
Epoch 5/50

9/9 [==============================] - 0s 9ms/step - loss: 20.8837 - Energy_loss: 6.3682e-05 - lambda_38_loss: 1.3181 - lambda_39_loss: 0.4040 - lambda_40_loss: 0.0519 - lambda_41_loss: 0.1120 - Press_loss: 19.6008 - val_loss: 55.2454 - val_Energy_loss: 1.4754e-04 - val_lambda_38_loss: 2.4239 - val_lambda_39_loss: 0.3198 - val_lambda_40_loss: 1.3754 - val_lambda_41_loss: 0.3259 - val_Press_loss: 106.4817

Epoch 00005: val_loss did not improve from 51.35574
Epoch 6/50

9/9 [==============================] - 0s 8ms/step - loss: 19.7940 - Energy_loss: 7.8145e-05 - lambda_38_loss: 1.2414 - lambda_39_loss: 0.3933 - lambda_40_loss: 0.0271 - lambda_41_loss: 0.1181 - Press_loss: 19.1649 - val_loss: 56.4397 - val_Energy_loss: 8.6786e-05 - val_lambda_38_loss: 2.4555 - val_lambda_39_loss: 0.3210 - val_lambda_40_loss: 1.3368 - val_lambda_41_loss: 0.3604 - val_Press_loss: 116.1582

Epoch 00006: val_loss did not improve from 51.35574
Epoch 7/50

9/9 [==============================] - 0s 7ms/step - loss: 18.3104 - Energy_loss: 2.0853e-05 - lambda_38_loss: 1.1632 - lambda_39_loss: 0.3867 - lambda_40_loss: 0.0136 - lambda_41_loss: 0.1072 - Press_loss: 15.8188 - val_loss: 59.1050 - val_Energy_loss: 3.4410e-05 - val_lambda_38_loss: 2.5615 - val_lambda_39_loss: 0.3205 - val_lambda_40_loss: 1.3133 - val_lambda_41_loss: 0.4034 - val_Press_loss: 130.8297

Epoch 00007: val_loss did not improve from 51.35574
Epoch 8/50

9/9 [==============================] - 0s 7ms/step - loss: 17.0325 - Energy_loss: 2.6720e-05 - lambda_38_loss: 1.0657 - lambda_39_loss: 0.3801 - lambda_40_loss: 0.0231 - lambda_41_loss: 0.0989 - Press_loss: 13.2786 - val_loss: 62.9147 - val_Energy_loss: 2.8794e-05 - val_lambda_38_loss: 2.8675 - val_lambda_39_loss: 0.3180 - val_lambda_40_loss: 1.3016 - val_lambda_41_loss: 0.4198 - val_Press_loss: 138.1626

Epoch 00008: val_loss did not improve from 51.35574
Epoch 9/50

9/9 [==============================] - 0s 6ms/step - loss: 15.8181 - Energy_loss: 5.8364e-05 - lambda_38_loss: 1.0085 - lambda_39_loss: 0.3687 - lambda_40_loss: 0.0293 - lambda_41_loss: 0.0867 - Press_loss: 8.2725 - val_loss: 66.2411 - val_Energy_loss: 4.4335e-05 - val_lambda_38_loss: 3.1651 - val_lambda_39_loss: 0.3172 - val_lambda_40_loss: 1.2923 - val_lambda_41_loss: 0.4102 - val_Press_loss: 143.4856

Epoch 00009: val_loss did not improve from 51.35574
Epoch 10/50

9/9 [==============================] - 0s 8ms/step - loss: 14.7119 - Energy_loss: 3.4586e-05 - lambda_38_loss: 0.9716 - lambda_39_loss: 0.3574 - lambda_40_loss: 0.0264 - lambda_41_loss: 0.0754 - Press_loss: 3.6870 - val_loss: 68.4014 - val_Energy_loss: 9.2752e-05 - val_lambda_38_loss: 3.2542 - val_lambda_39_loss: 0.3201 - val_lambda_40_loss: 1.2771 - val_lambda_41_loss: 0.3982 - val_Press_loss: 158.1334

Epoch 00010: val_loss did not improve from 51.35574
Epoch 11/50

9/9 [==============================] - 0s 7ms/step - loss: 13.9624 - Energy_loss: 1.0281e-05 - lambda_38_loss: 0.9108 - lambda_39_loss: 0.3502 - lambda_40_loss: 0.0236 - lambda_41_loss: 0.0736 - Press_loss: 3.6921 - val_loss: 69.4116 - val_Energy_loss: 1.6044e-04 - val_lambda_38_loss: 3.2470 - val_lambda_39_loss: 0.3230 - val_lambda_40_loss: 1.2517 - val_lambda_41_loss: 0.3881 - val_Press_loss: 171.5288

Epoch 00011: val_loss did not improve from 51.35574
file: ../database/molecules/benzene
Predicting atomic charges, energy and DOS for the system in: ../database/molecules/benzene
at_elem [6, 6, 0, 0]
Total number of electrons inside cell: 30
Atomic charges for the C atoms (same order as in POSCAR): [4.0054293, 4.0082545, 3.9998243, 4.007217, 4.0070014, 4.000963]
Atomic charges for the H atoms (same order as in POSCAR): [0.9823179, 0.98133755, 0.9819852, 0.98255795, 0.98306435, 0.9827843]
Writing atomic charges to text files...
#-----------------Energy and DOS prediction-----------------#
(1, 6, 360) (1, 6, 360) (1, 6, 360) (1, 6, 360)
(1, 6, 700) (1, 6, 568) (1, 6, 700) (1, 6, 700)
Total potential energy: -75.82116508483887  eV
Atomic forces (eV/A): [[ 0.4273917   0.6637597   0.20918784]
 [-1.4495064   0.45730078 -0.546444  ]
 [ 2.127242   -0.45651153  1.0554103 ]
 [-1.9571724   2.0634596  -0.58600795]
 [-3.122365   -0.81265455 -1.5848985 ]
 [ 1.4037791  -0.1303898   0.6384716 ]
 [-0.13299406 -0.62389606 -0.21083124]
 [ 0.8837677  -0.2668067   0.33576617]
 [-0.38834837  0.07936982 -0.16930835]
 [-0.34409592  0.35453832 -0.07954635]
 [ 1.2180612  -1.0947946   0.07485962]
 [ 0.23336318 -0.1741241   0.06501892]]
The stress tensor components are (kB): Sxx: 4.320317  Syy: -6.5720963  Szz: 2.8301756  Sxy: 0.9167034  Syz: -0.47871205  Sxz: 2.075106
Valence band maximum: -6.239686489105225 +- 0.016687203  eV
Conduction band minimum: -1.332844853401184 +- 0.01665238  eV
Bandgap: 4.9068416357040405 +- 0.025377808  eV
Writing DOS curve to text file...
Made the dos plot ..
Total pred_charge: 29.97661705331914
file: ../database/chains/R1000001
Predicting atomic charges, energy and DOS for the system in: ../database/chains/R1000001
at_elem [4, 8, 0, 0]
Total number of electrons inside cell: 24
Atomic charges for the C atoms (same order as in POSCAR): [4.0737085, 4.0545797, 4.0721054, 4.061143]
Atomic charges for the H atoms (same order as in POSCAR): [0.95839727, 0.96142757, 0.9567795, 0.96162343, 0.9560363, 0.9591944, 0.95871794, 0.96552366]
Writing atomic charges to text files...
#-----------------Energy and DOS prediction-----------------#
(1, 8, 360) (1, 8, 360) (1, 8, 360) (1, 8, 360)
(1, 8, 700) (1, 8, 568) (1, 8, 700) (1, 8, 700)
Total potential energy: -65.91998291015625  eV
Atomic forces (eV/A): [[-1.2826993e+00  4.9269229e-01 -2.1031049e-01]
 [ 1.0873686e+00 -1.0629771e+00 -1.7561024e-01]
 [ 1.4110386e+00 -1.0965155e+00  9.3300499e-02]
 [ 2.1718135e-02  8.6249983e-01 -1.4397816e-01]
 [-4.1202399e-01  1.5014318e-03 -3.3529643e-02]
 [-5.6215739e-01  1.1892586e-01  6.6680685e-02]
 [ 3.5550755e-01  5.2896601e-01 -2.4643406e-02]
 [ 3.8779128e-01  5.5728036e-01 -7.2750375e-03]
 [-5.2480817e-01 -7.3609692e-01 -1.2926587e-01]
 [-7.3336565e-01 -3.6216021e-01  4.8418067e-02]
 [ 1.4402972e-01  1.5435649e+00  2.5885236e-01]
 [ 1.0125199e-03 -6.6907966e-01  1.1304164e-01]]
The stress tensor components are (kB): Sxx: -2.2047293  Syy: 1.6342678  Szz: -1.0389766  Sxy: 0.8177533  Syz: 1.7639364  Sxz: -0.4819647
Valence band maximum: -6.570812225341797 +- 0.06666594  eV
Conduction band minimum: -0.7057822942733765 +- 0.010332982  eV
Bandgap: 5.86502993106842 +- 0.07227297  eV
Writing DOS curve to text file...
Made the dos plot ..
Total pred_charge: 24.24940548141116
file: ../database/chains/R1000566
Predicting atomic charges, energy and DOS for the system in: ../database/chains/R1000566
at_elem [10, 18, 2, 2]
Total number of electrons inside cell: 80
Atomic charges for the C atoms (same order as in POSCAR): [4.340433, 4.3482194, 4.3166537, 3.6737354, 4.299034, 4.0602245, 4.032297, 4.0676875, 4.03114, 3.6718976]
Atomic charges for the H atoms (same order as in POSCAR): [0.8782728, 0.864491, 0.88926727, 0.87794864, 0.96386266, 0.9571235, 0.94989717, 0.8958076, 0.87623966, 0.88883543, 0.8937874, 0.88634205, 0.8607477, 0.9538565, 0.96375644, 0.96028394, 0.8228059, 0.8626919]
Atomic charges for the N atoms (same order as in POSCAR): [5.1159797, 5.118375]
Atomic charges for the O atoms (same order as in POSCAR): [6.375321, 6.343527]
Writing atomic charges to text files...
#-----------------Energy and DOS prediction-----------------#
(1, 18, 360) (1, 18, 360) (1, 18, 360) (1, 18, 360)
(1, 18, 700) (1, 18, 568) (1, 18, 700) (1, 18, 700)
Total potential energy: -186.43060302734375  eV
Atomic forces (eV/A): [[ 0.12905847 -0.13648038  3.2061338 ]
 [-0.55966485  0.3707928   0.68981814]
 [ 0.28469297 -0.36683643 -0.11110736]
 [-1.4587692   1.5946083  -0.88437366]
 [ 0.00990099  0.12803358  0.08759566]
 [ 1.1900482  -0.29089373  0.7218396 ]
 [-0.05712074  0.12638772 -1.0383346 ]
 [ 0.3234437  -1.3980647   0.7318582 ]
 [-1.531545   -1.2413288   0.4960289 ]
 [ 1.4642569   2.6819222   0.14390208]
 [-0.35693336  0.20029636 -0.31750312]
 [ 0.17842105 -0.8117093  -1.1824021 ]
 [-0.18795249  0.10034857  0.19323611]
 [ 0.15439032  0.13677199  0.05422508]
 [ 0.08779148 -0.1484449   0.23070389]
 [-0.79444987 -0.5734325   0.20517468]
 [-0.69267225  1.0169826   0.67916113]
 [ 0.75048256 -0.55601966 -0.35563314]
 [ 0.7351283   0.7735605  -0.60030174]
 [-0.35772076 -0.13339081  0.3621295 ]
 [-0.72903574  0.09299373 -0.95415515]
 [ 1.0186828  -0.8341508  -0.1942615 ]
 [ 0.27178237  0.0602974  -0.23563951]
 [ 0.03792168  0.7384641   0.10072507]
 [-0.46167046  0.16044517 -0.57858384]
 [ 0.09043596  0.27322182 -0.10501291]
 [ 0.59054816 -0.20661986 -2.8522658 ]
 [ 0.24370244 -0.7613676  -0.2313946 ]
 [-1.4992553  -2.5521643   0.94799495]
 [ 0.7284539   0.35974303  0.20583913]
 [ 0.26002258 -1.2480422   0.32754648]
 [-1.1982971  -2.8231268  -0.1449004 ]]
The stress tensor components are (kB): Sxx: 3.1710348  Syy: 12.266543  Szz: 7.5909915  Sxy: 10.828478  Syz: -2.9883056  Sxz: 1.8823136
Valence band maximum: -5.166933059692383 +- 0.046365608  eV
Conduction band minimum: -1.5297197103500366 +- 0.059681762  eV
Bandgap: 3.637213349342346 +- 0.09219681  eV
Writing DOS curve to text file...
Made the dos plot ..
Total pred_charge: 81.18773066672162
file: ../database/crystals/R1002525
Predicting atomic charges, energy and DOS for the system in: ../database/crystals/R1002525
at_elem [48, 48, 8, 8]
Total number of electrons inside cell: 328
Atomic charges for the C atoms (same order as in POSCAR): [3.754233, 3.9835677, 4.0236645, 4.013096, 3.9499714, 3.6714742, 4.088865, 4.0629106, 4.108419, 4.1102185, 4.0129623, 4.0105624, 3.6677616, 3.969891, 4.018087, 4.0341525, 3.9732118, 3.6567228, 4.0389996, 4.090863, 4.1686177, 4.127205, 4.013993, 4.0055346, 3.7448764, 3.9828372, 4.0123253, 4.014103, 3.9767165, 3.6811955, 4.018159, 4.1432085, 4.1202054, 4.1426983, 4.0337653, 4.0119405, 3.643066, 3.984952, 4.0161085, 4.0216427, 3.985734, 3.6583931, 4.120746, 4.0403724, 4.131828, 4.0226083, 4.020757, 4.027262]
Atomic charges for the H atoms (same order as in POSCAR): [0.95889807, 0.9554847, 0.9061485, 0.8970239, 0.9314637, 0.88895106, 0.9054572, 0.9351349, 0.8867849, 0.90458405, 0.9508195, 0.9612878, 0.9644034, 0.9582906, 0.912823, 0.8922837, 0.9306176, 0.920897, 0.90927947, 0.90177906, 0.8955925, 0.9073654, 0.95190334, 0.9591723, 0.9487449, 0.95775324, 0.9331085, 0.9111518, 0.87623906, 0.9135628, 0.87534153, 0.90070933, 0.9197164, 0.91553175, 0.9569, 0.96842486, 0.9496392, 0.96136856, 0.87137043, 0.9217906, 0.8994485, 0.9302151, 0.8627455, 0.9225439, 0.92787015, 0.93555784, 0.9682784, 0.9737022]
Atomic charges for the N atoms (same order as in POSCAR): [5.2742286, 5.34377, 5.249263, 5.2660294, 5.2321386, 5.2551527, 5.3029366, 5.255919]
Atomic charges for the O atoms (same order as in POSCAR): [6.289189, 6.2777777, 6.2539573, 6.3050065, 6.2621517, 6.2596035, 6.2891083, 6.2743855]
Writing atomic charges to text files...
#-----------------Energy and DOS prediction-----------------#
(1, 48, 360) (1, 48, 360) (1, 48, 360) (1, 48, 360)
(1, 48, 700) (1, 48, 568) (1, 48, 700) (1, 48, 700)
Total potential energy: -716.991096496582  eV
Atomic forces (eV/A): [[ 1.30246806e+00  1.50061697e-01  8.93687904e-02]
 [ 2.53530288e+00 -3.05985117e+00 -4.46137786e-01]
 [-2.59669018e+00  8.51319492e-01  1.61974955e+00]
 [ 6.91122591e-01  1.23272777e-01 -4.02310991e+00]
 [ 2.06904340e+00 -2.18609834e+00  2.63872266e+00]
 [ 6.87516928e-01  4.37249327e+00  3.68827868e+00]
 [ 4.29941607e+00 -1.95554161e+00 -2.22726798e+00]
 [-2.84317732e+00  9.69788313e-01 -2.30063844e+00]
 [-2.89402992e-01 -2.17524439e-01  1.32275832e+00]
 [-1.03533947e+00  8.45824957e-01 -1.72503805e+00]
 [-3.97901201e+00  3.26473141e+00 -1.60537326e+00]
 [-2.28179455e+00  1.22260618e+00  1.41485047e+00]
 [-3.06869626e-01 -1.65303379e-01 -1.01086684e-02]
 [-9.04270768e-01  4.24852639e-01 -1.91046154e+00]
 [-3.11761045e+00  1.01814973e+00  2.30154705e+00]
 [ 5.39598274e+00 -1.12122059e+00 -2.49557447e+00]
 [-1.25080657e+00  6.70442700e-01  3.41292679e-01]
 [-5.94733357e-01 -2.40608549e+00  2.52739620e+00]
 [-1.73780775e+00  4.36153793e+00  2.49716520e+00]
 [ 1.98411405e+00 -6.43811077e-02  2.33355448e-01]
 [ 5.42227030e-02  3.22946167e+00  8.05041969e-01]
 [ 8.56117964e-01 -7.06157506e-01 -8.53868484e-01]
 [ 1.96386838e+00 -8.67044389e-01 -1.36339176e+00]
 [ 3.35816813e+00 -1.67510056e+00  2.28147817e+00]
 [-1.04188406e+00  6.82760239e-01  5.36656559e-01]
 [ 6.80504084e-01  1.54215157e-01  3.50879908e-01]
 [ 5.47882676e-01  7.41271317e-01  1.39003050e+00]
 [ 3.08521247e+00  2.92751789e+00 -4.20597887e+00]
 [-4.31630993e+00 -1.27324104e-01  1.23375583e+00]
 [-2.63530445e+00  2.72282958e-03 -3.76319647e+00]
 [ 2.97356820e+00  2.40751296e-01  2.25794822e-01]
 [ 3.10934871e-01 -1.32411230e+00 -2.53565574e+00]
 [ 1.50832379e+00 -1.00586057e+00  1.75163841e+00]
 [ 9.78056908e-01  8.23800743e-01 -1.99341929e+00]
 [ 3.17083716e+00  7.38327980e-01  9.27811325e-01]
 [-9.63322818e-01 -5.65087795e-01 -2.66209078e+00]
 [ 4.22533065e-01  1.04309693e-01 -1.55718303e+00]
 [-6.83642626e-01 -2.40029301e-02 -4.48261619e-01]
 [ 1.89381588e+00  1.20262027e+00  7.07822561e-01]
 [ 2.25464249e+00 -3.78037244e-01 -2.75299716e+00]
 [ 4.95148003e-01  3.67078483e-02 -1.78173363e-01]
 [-6.20028496e-01  1.42734134e+00 -8.16110432e-01]
 [-2.39357805e+00 -7.84751177e-01 -5.35136938e-01]
 [-6.71520591e-01 -5.57911336e-01  1.48887467e+00]
 [ 5.75313807e-01 -1.20798111e+00 -1.01074481e+00]
 [ 3.61709332e+00 -3.66426373e+00 -2.47938895e+00]
 [-3.12924564e-01  2.60999501e-02  2.64501482e-01]
 [ 7.49815106e-01 -2.09532127e-01  4.56983775e-01]
 [ 1.13544428e+00 -1.86149329e-01 -2.97173083e-01]
 [-8.81979108e-01  2.75208086e-01 -6.49935842e-01]
 [-3.15465474e+00  1.56920409e+00 -7.37895429e-01]
 [-3.75107616e-01 -1.49879849e+00  8.24634731e-02]
 [ 2.23090267e+00 -5.70497453e-01  1.31210387e+00]
 [-8.14629793e-01 -3.82759601e-01  1.98422170e+00]
 [-1.57862329e+00  2.96336234e-01 -9.95099247e-02]
 [ 2.84761846e-01 -6.99168324e-01  9.64370728e-01]
 [-5.40235862e-02 -2.43189976e-01  1.28486550e+00]
 [ 1.10933495e+00  4.05483395e-02 -1.20224647e-01]
 [-8.56757462e-02  1.13505512e-01  1.18830465e-01]
 [-7.68603027e-01  7.20777631e-01  4.82725263e-01]
 [ 1.69284654e+00 -3.96020621e-01  9.35724914e-01]
 [-2.20100498e+00  8.06346953e-01  6.07236981e-01]
 [ 2.29812646e+00 -2.08475232e+00 -1.87220311e+00]
 [-9.62523818e-02 -1.12923169e+00 -4.06977504e-01]
 [-4.14423198e-01 -1.44571707e-01  5.38034201e-01]
 [-6.32643759e-01  2.98512518e-01  6.26112297e-02]
 [ 9.53130722e-01 -9.17831063e-03 -1.64660469e-01]
 [ 7.18396127e-01 -2.33933783e+00 -2.68097103e-01]
 [-8.53284359e-01  4.15570438e-01  1.23230016e+00]
 [-7.31897116e-01 -5.64793050e-02 -3.76656026e-01]
 [ 1.53899491e-01 -3.06572765e-04 -6.46995604e-02]
 [-9.36445475e-01  1.22061479e+00  1.11779308e+00]
 [-1.72715652e+00 -5.56021810e-01  1.33362174e+00]
 [-1.13444173e+00 -6.82238340e-01 -1.18479872e+00]
 [-3.89898753e+00 -2.96846151e-01  3.14455450e-01]
 [-2.01537535e-01  4.48426187e-01  8.83070529e-02]
 [-8.09132636e-01 -4.14236277e-01  4.81075734e-01]
 [ 1.27638209e+00 -8.82715642e-01  1.57298088e+00]
 [-1.82871163e+00 -7.70839453e-01  2.42542058e-01]
 [-8.70519459e-01  1.42857528e+00  4.24730927e-01]
 [-1.98597908e+00 -3.67520303e-01  1.77430606e+00]
 [ 6.23795807e-01 -1.04563981e-01  7.10223854e-01]
 [-2.92284656e+00 -8.21519256e-01  1.76659632e+00]
 [ 7.13776946e-01  4.10351992e-01  8.92371058e-01]
 [-4.21196282e-01 -2.83188462e-01 -2.77925819e-01]
 [-1.53185689e+00 -1.54259205e-01  1.50098288e+00]
 [ 1.68417382e+00  5.97041100e-02  4.94466156e-01]
 [ 1.96740001e-01  1.15677333e+00 -8.59076083e-02]
 [-1.80582190e+00 -7.44765759e-01 -3.91094774e-01]
 [ 2.84847021e+00  4.67759371e-01 -1.79177761e+00]
 [ 3.19102615e-01  1.12849939e+00  2.06169397e-01]
 [-7.41514206e-01 -9.11146775e-03 -6.59385681e-01]
 [-2.78111726e-01  4.91080493e-01 -7.54373848e-01]
 [-1.29805326e+00  7.35945940e-01  3.03904748e+00]
 [-2.41579905e-01 -3.18731874e-01 -7.18769312e-01]
 [ 2.84681618e-01 -3.10460757e-02 -9.03001606e-01]
 [-7.63053238e-01 -1.17022645e+00 -1.62215042e+00]
 [-1.27269924e+00 -1.87472129e+00  5.41343570e-01]
 [ 8.48892748e-01  1.29197884e+00 -5.14601827e-01]
 [-3.29460591e-01 -1.60118937e+00  1.00909591e-01]
 [ 4.04270887e-02  4.63076687e+00 -1.00709569e+00]
 [ 1.19735765e+00  4.25677061e-01  2.10901618e+00]
 [-1.99171853e+00  6.32537222e+00  6.74104095e-01]
 [ 1.43991494e+00 -2.98489547e+00  7.40762055e-01]
 [-7.13484585e-02 -7.56503224e-01 -4.95789886e-01]
 [-1.47561342e-01 -1.61267614e+00  7.55132735e-01]
 [-2.13059127e-01  9.52649295e-01 -9.68593478e-01]
 [ 2.23576039e-01 -7.79154480e-01 -3.25628430e-01]
 [ 1.99998868e+00 -3.30944347e+00 -7.87528157e-02]
 [-6.01197124e-01  8.49578381e-02  2.16548634e+00]
 [-6.30378246e-01  1.70793355e+00  1.75457269e-01]
 [ 6.02503240e-01 -1.87694454e+00  1.08241796e+00]]
The stress tensor components are (kB): Sxx: 11.031413  Syy: 24.676182  Szz: -32.37522  Sxy: -15.853309  Syz: 1.6506687  Sxz: -18.2879
Valence band maximum: -5.140561103820801 +- 0.0604165  eV
Conduction band minimum: -1.7137342691421509 +- 0.059767835  eV
Bandgap: 3.42682683467865 +- 0.07429108  eV
Writing DOS curve to text file...
Made the dos plot ..
Total pred_charge: 329.56834069296485
file: ../database/crystals/R1000243
Predicting atomic charges, energy and DOS for the system in: ../database/crystals/R1000243
at_elem [32, 40, 8, 0]
Total number of electrons inside cell: 208
Atomic charges for the C atoms (same order as in POSCAR): [4.05604, 4.0481715, 3.9902937, 3.9799106, 4.167791, 4.1732354, 3.5365057, 3.8295, 4.073551, 4.0711007, 3.9697654, 3.9798703, 4.135722, 4.13766, 3.8295717, 3.9297311, 4.072403, 4.076475, 3.9560478, 3.9810627, 4.158433, 4.11949, 3.871617, 3.8324444, 4.082727, 4.0628886, 3.9718015, 4.0097203, 4.1216216, 4.1301546, 3.565234, 3.8203878]
Atomic charges for the H atoms (same order as in POSCAR): [0.939077, 0.9633293, 0.97107613, 0.9605984, 0.9480283, 0.96795374, 0.91081154, 0.8876041, 0.9463568, 0.9516934, 0.9627726, 0.9631774, 0.94121563, 0.9561679, 0.9468077, 0.9417428, 0.9438032, 0.9630317, 0.950351, 0.95619565, 0.92025936, 0.9712752, 0.9658195, 0.95172095, 0.9694655, 0.9567914, 0.9336242, 0.9365946, 0.9429884, 0.95782477, 0.9670538, 0.96045554, 0.9646244, 0.93990237, 0.9523959, 0.8992845, 0.938725, 0.95250237, 0.94820726, 0.95917237]
Atomic charges for the N atoms (same order as in POSCAR): [5.1496744, 5.188268, 5.138486, 5.174161, 5.1462803, 5.1744885, 5.14834, 5.1626825]
Writing atomic charges to text files...
#-----------------Energy and DOS prediction-----------------#
(1, 40, 360) (1, 40, 360) (1, 40, 360) (1, 40, 360)
(1, 40, 700) (1, 40, 568) (1, 40, 700) (1, 40, 700)
Total potential energy: -490.2049255371094  eV
Atomic forces (eV/A): [[ 3.40493464e+00  2.61661291e-01  1.39589512e+00]
 [-7.49602914e-02 -4.15531015e+00  1.42784023e+00]
 [-1.81914151e+00  6.05368853e-01  2.13069487e+00]
 [-1.34628510e+00  8.70761514e-01  1.86832857e+00]
 [-1.49951029e+00  1.80762124e+00  4.09401703e+00]
 [ 9.08368289e-01 -8.18107963e-01  2.17223644e+00]
 [ 3.25711441e+00  1.39950991e-01  1.64518273e+00]
 [ 1.18304396e+00 -3.09139729e-01 -1.98512816e+00]
 [-3.20497537e+00 -6.29984319e-01 -1.73417330e-01]
 [ 1.30022979e+00 -7.89518356e-01 -1.02328801e+00]
 [ 2.77705818e-01 -2.34915257e-01  1.56074512e+00]
 [ 2.91104364e+00  2.76173997e+00  1.34328997e+00]
 [-3.97818774e-01 -6.89651251e-01 -8.74275118e-02]
 [-5.48000276e-01 -7.01637685e-01 -3.17875892e-01]
 [-1.47692347e+00 -4.59443665e+00  1.25973010e+00]
 [-8.72649252e-01 -5.77769339e-01 -5.13449609e-01]
 [-1.00483871e+00 -2.55467081e+00  3.11795831e-01]
 [-5.30196905e-01 -1.55018300e-01 -6.57414794e-01]
 [-4.99013245e-01 -3.88536155e-01  8.33210051e-01]
 [-3.42970324e+00 -3.38804692e-01  2.60803699e+00]
 [ 8.03132206e-02 -1.18914092e+00  6.55597210e-01]
 [ 5.15593171e-01  3.20028871e-01  1.91893244e+00]
 [-2.18810964e+00  5.44049621e-01  3.69756401e-01]
 [ 4.90445280e+00  5.20587826e+00  2.31224966e+00]
 [-1.22700942e+00 -6.01450920e-01  5.39750218e-01]
 [-1.32742479e-01 -2.85726011e-01 -3.65121990e-01]
 [-1.22388053e+00  5.56584716e-01  1.13561499e+00]
 [ 1.14838195e+00  2.16328812e+00  6.74915850e-01]
 [-2.01028004e-01 -3.12170577e+00 -1.00332463e+00]
 [ 7.23507047e-01 -6.88292682e-02  2.77333587e-01]
 [ 1.43116045e+00  6.63250685e-01  4.29296494e-03]
 [-8.46409649e-02 -3.66147339e-01 -1.14720750e+00]
 [ 1.87092924e+00 -2.75471061e-01 -4.25533384e-01]
 [ 1.05944037e+00 -3.10257852e-01 -2.13093352e+00]
 [-1.45045924e+00 -7.23974168e-01 -3.99444580e-01]
 [-8.25001478e-01  2.54445934e+00 -8.89708936e-01]
 [-4.29444909e-01  9.16879416e-01 -1.01596832e+00]
 [ 1.09246624e+00  1.19014561e+00 -7.79716671e-01]
 [-6.23256445e-01 -4.88391817e-01 -2.21988559e+00]
 [ 9.65234041e-01  1.45094848e+00 -5.13593368e-02]
 [-2.80703038e-01  2.43657529e-01  1.82603359e-01]
 [-3.32464397e-01 -6.07126832e-01  2.56880909e-01]
 [ 9.57010537e-02 -4.89457518e-01 -1.44436061e-01]
 [-5.21176457e-01 -2.79920757e-01 -6.40377551e-02]
 [ 3.32893562e+00  2.33431554e+00  1.01127791e+00]
 [-2.90006727e-01 -1.46921620e-01 -4.38606273e-03]
 [ 1.10911317e-01  1.96151823e-01 -8.46137330e-02]
 [-3.71604890e-01 -1.65066969e+00 -7.36393034e-02]
 [ 1.16943491e+00  1.30565417e+00  1.91304493e+00]
 [ 5.30603349e-01 -2.98168868e-01  1.68015254e+00]
 [-3.36427748e-01 -3.28172535e-01 -5.46398520e-01]
 [-1.03999645e-01  1.02530992e+00 -4.64401320e-02]
 [ 5.07482171e-01 -2.11080313e-01 -4.28766131e-01]
 [ 1.43725371e+00 -4.08182383e-01 -2.12313199e+00]
 [ 3.11942279e-01  4.84712303e-01  1.75023183e-01]
 [ 2.89178938e-01 -1.98289335e-01  2.06820726e-01]
 [ 4.22623217e-01  3.19637895e-01 -6.34467006e-01]
 [ 2.26416681e-02  5.24797320e-01  1.58766508e-02]
 [ 2.77564019e-01 -4.00380611e-01 -1.21141887e+00]
 [ 4.72367883e-01  6.45353317e-01  7.59005785e-01]
 [-1.00581777e+00 -7.44511425e-01  5.51349759e-01]
 [-4.69506383e-01 -8.75574201e-02 -1.30856466e+00]
 [ 4.60727572e-01  4.12738264e-01  7.19994530e-02]
 [-1.77954450e-01 -1.20182967e+00 -1.01513970e+00]
 [ 9.97020304e-02  3.55421722e-01  5.81032708e-02]
 [-9.63541985e-01 -5.89135528e-01 -8.74410868e-01]
 [-7.47772694e-01 -1.29458323e-01  1.82370949e+00]
 [-9.69752073e-01  4.83255744e-01  1.43822515e+00]
 [-1.36702275e+00  3.78853297e+00 -1.76056355e-01]
 [ 1.55056763e+00  1.41134441e+00 -3.52709532e-01]
 [ 5.19162118e-01 -5.89993484e-02  7.35821486e-01]
 [ 8.52663696e-01 -1.20465028e+00  4.86015230e-01]
 [ 1.44422984e+00  2.85342860e+00 -6.81183100e-01]
 [-7.30790913e-01 -7.80139923e-01 -1.36883259e+00]
 [-6.59669936e-02 -1.42160547e+00  2.58707017e-01]
 [-1.62366605e+00 -1.79446697e+00  7.35189795e-01]
 [ 9.31190848e-01  2.18505859e+00 -1.38559222e-01]
 [ 3.68969846e+00  4.26181972e-01  1.52420473e+00]
 [ 9.52589810e-01  6.15097165e-01 -3.96897703e-01]
 [-1.96832180e+00 -3.00378823e+00 -1.69944334e+00]]
The stress tensor components are (kB): Sxx: 20.09248  Syy: 35.336906  Szz: 13.741568  Sxy: -0.96133727  Syz: 17.54978  Sxz: 16.841955
Valence band maximum: -4.360637664794922 +- 0.10288252  eV
Conduction band minimum: -1.5910258293151855 +- 0.106643654  eV
Bandgap: 2.7696118354797363 +- 0.11944038  eV
Writing DOS curve to text file...
Made the dos plot ..
Total pred_charge: 206.38158156015035
====================Total Time taken for training: 77.77751207351685
====================Total Time taken for inference: 63.964070081710815
====================Total Time taken for ML_DFT: 141.74158215522766
