file: ../database/molecules/benzene
Predicting atomic charges, energy and DOS for the system in: ../database/molecules/benzene
at_elem [6, 6, 0, 0]
Total number of electrons inside cell: 30
Atomic charges for the C atoms (same order as in POSCAR): [4.0054293, 4.0082545, 3.9998243, 4.007217, 4.0070014, 4.000963]
Atomic charges for the H atoms (same order as in POSCAR): [0.9823179, 0.98133755, 0.9819852, 0.98255795, 0.98306435, 0.9827843]
Writing atomic charges to text files...
#-----------------Energy and DOS prediction-----------------#
(1, 6, 360) (1, 6, 360) (1, 6, 360) (1, 6, 360)
(1, 6, 700) (1, 6, 568) (1, 6, 700) (1, 6, 700)
Total potential energy: -75.71250915527344  eV
Atomic forces (eV/A): [[ 0.5653317   0.44939137  0.28211474]
 [-1.3031511   0.641972   -0.4945901 ]
 [ 2.0266826  -0.48644164  1.0469146 ]
 [-1.8927852   1.984809   -0.61471826]
 [-3.1055346  -0.7448873  -1.5149506 ]
 [ 1.2772194  -0.09132944  0.5359806 ]
 [-0.25603074 -0.5147704  -0.2716907 ]
 [ 0.76137525 -0.34347066  0.28699234]
 [-0.23810028  0.15336943 -0.11539702]
 [-0.19742039  0.24205585 -0.06781904]
 [ 1.3046557  -1.0190967   0.17071885]
 [ 0.12848358 -0.22135447 -0.03465193]]
The stress tensor components are (kB): Sxx: 4.440694  Syy: -4.3798203  Szz: 1.8674628  Sxy: -0.070310116  Syz: -0.107456565  Sxz: 2.3153741
Valence band maximum: -6.237428665161133 +- 0.0166492  eV
Conduction band minimum: -1.3350975513458252 +- 0.018757809  eV
Bandgap: 4.902331113815308 +- 0.028317932  eV
Writing DOS curve to text file...
Made the dos plot ..
Total pred_charge: 29.922728965740703
Predicted charge error (%): 1.2708609672412658
====================Total Time taken for training: 1.1920928955078125e-06
====================Total Time taken for inference: 125.35962462425232
====================Total Time taken for ML_DFT: 125.35962581634521
